0010 REM "ADC - Set/Reset Function Keys For ADC Editor"
0020 REM "Program: ADC.FK"
0030 REM "+----------------------------------------------------------+"
0031 REM "|            ADminstrator System Version 1.0.2a            |
0032 REM "|     Copyright (C) 1994 MicroAccounting Systems, Inc.     |
0033 REM "|                 All Rights Reserved"                     |
0034 REM "+----------------------------------------------------------+
0050 SETERR 9900
0080 ENTER MODE
0081 REM "----- Mode = 0 = Set Keys For Standard ADD+ON"
0082 REM "----- Mode = 1 = Set Keys For MAS Editor"
0083 REM "----- Mode = 2 = Set Keys For BBx Default"
0920 ON MODE GOTO 2000,1000,2000,9900
1020 GOSUB 10000
1990 GOTO 9900
2000 REM "---- Set Factory Defaults"
2020 PRINT 'FL',"1",
2040 PRINT 'EL',"1",
2060 LET Y$=$00000A000D001C011D021E031F04$
2080 LET Z$=STBL("!TERMS",Y$)
2100 LET Y$=$0D0008441D400C411C410B421E420A431F4312451B451446014C1A4D0949024A174B18480547044F0F4E193F$
2120 LET Z$=STBL("!EDIT",Y$)
2190 IF MODE=2 THEN GOTO 9900
2220 CALL "SYC.FK",V
2990 GOTO 9900
9900 REM "---- Exit"
9920 LET A$=OPTS
9930 LET A$=IOR(A$(1,3),$088840$)
9940 SETOPTS A$
9990 EXIT 
9999 END
10000 REM "---- Build FL String"
10020 DIM KEYS$[27,5]; REM "0=KEY NUM(Fkey Value), 1=LEN, 2=CODE, 3=KEY NUM(Edit Key), 4=LABEL, 5=KEY NUM(!EDIT)
10040 FOR J=1 TO 12; LET KEYS$[J,0]=CHR(J-1); NEXT J
10100 LET KEYS$[1,2]=$81$,KEYS$[1,4]="Fkey 1"
10110 LET KEYS$[2,2]=$82$,KEYS$[2,4]="Fkey 2"
10120 LET KEYS$[3,2]=$83$,KEYS$[3,4]="Fkey 3"
10130 LET KEYS$[4,2]=$84$,KEYS$[4,4]="Fkey 4"
10140 LET KEYS$[5,2]=$85$,KEYS$[5,4]="Fkey 5"
10150 LET KEYS$[6,2]=$86$,KEYS$[6,4]="Fkey 6"
10160 LET KEYS$[7,2]=$87$,KEYS$[7,4]="Fkey 7"
10170 LET KEYS$[8,2]=$88$,KEYS$[8,4]="Fkey 8"
10180 LET KEYS$[9,2]=$89$,KEYS$[9,4]="Fkey 9"
10190 LET KEYS$[10,2]=$8A$,KEYS$[10,4]="Fkey 10"
10200 LET KEYS$[11,2]=$8B$,KEYS$[11,4]="Fkey 11"
10210 LET KEYS$[12,2]=$8C$,KEYS$[12,4]="Fkey 12"
10220 LET KEYS$[13,0]=$21$,KEYS$[13,2]=$A1$,KEYS$[13,3]=$02$,KEYS$[13,5]=$42$,KEYS$[13,4]="Up"
10230 LET KEYS$[14,0]=$22$,KEYS$[14,2]=$A2$,KEYS$[14,3]=$03$,KEYS$[14,5]=$43$,KEYS$[14,4]="Down"
10240 LET KEYS$[15,0]=$2B$,KEYS$[15,2]=$A3$,KEYS$[15,3]=$08$,KEYS$[15,5]=$47$,KEYS$[15,4]="Ins Char"
10250 LET KEYS$[16,0]=$2A$,KEYS$[16,2]=$A4$,KEYS$[16,3]=$09$,KEYS$[16,5]=$48$,KEYS$[16,4]="Del Char"
10260 LET KEYS$[17,0]=$25$,KEYS$[17,2]=$A5$,KEYS$[17,3]=$06$,KEYS$[17,5]=$50$,KEYS$[17,4]="PgUp"
10270 LET KEYS$[18,0]=$26$,KEYS$[18,2]=$A6$,KEYS$[18,3]=$07$,KEYS$[18,5]=$51$,KEYS$[18,4]="PgDn"
10280 LET KEYS$[19,0]=$27$,KEYS$[19,2]=$B0$,KEYS$[19,3]=$01$,KEYS$[19,5]=$41$,KEYS$[19,4]="Right"
10290 LET KEYS$[20,0]=$28$,KEYS$[20,2]=$B1$,KEYS$[20,3]=$00$,KEYS$[20,5]=$40$,KEYS$[20,4]="Left"
10300 LET KEYS$[21,0]=$29$,KEYS$[21,2]=$08$,KEYS$[21,5]=$44$,KEYS$[21,4]="Backspace"
10310 LET KEYS$[22,0]=$2C$,KEYS$[22,2]=$0F$,KEYS$[22,5]=$4E$,KEYS$[22,4]="Ins Line"
10320 LET KEYS$[23,0]=$2D$,KEYS$[23,2]=$19$,KEYS$[23,5]=$4F$,KEYS$[23,4]="Del Line"
10330 LET KEYS$[24,0]=$2E$,KEYS$[24,2]=$1B54$,KEYS$[24,3]=$05$,KEYS$[24,5]=$4B$,KEYS$[24,4]="Erase Line"
10340 LET KEYS$[25,0]=$2F$,KEYS$[25,2]=$09$,KEYS$[25,5]=$49$,KEYS$[25,4]="Tab"
10350 LET KEYS$[26,0]=$30$,KEYS$[26,2]=$1B49$,KEYS$[26,5]=$4A$,KEYS$[26,4]="BkTab"
10360 LET KEYS$[27,0]=$31$,KEYS$[27,2]=$B8$,KEYS$[27,5]=$4C$,KEYS$[27,3]=$04$,KEYS$[27,4]="Home"
10420 FOR J=1 TO 27; LET KEYS$[J,1]=BIN(LEN(KEYS$[J,2]),1); NEXT J
10440 FOR J=1 TO 27
10450 PRINT 'FL',"2",KEYS$[J,0]+KEYS$[J,1]+KEYS$[J,2],
10460 NEXT J
10480 LET X$=STBL("!TERMS")
10520 FOR J=1 TO 27
10540 IF LEN(KEYS$[J,2])=1 THEN LET X$=X$+KEYS$[J,2]+KEYS$[J,0]
10550 NEXT J
10600 FOR J=1 TO INT(LEN(X$)/2)-1
10610 IF X$(J*2+2,1)=$01$ THEN LET X$(J*2+1,1)=$81$
10620 IF X$(J*2+2,1)=$02$ THEN LET X$(J*2+1,1)=$82$
10630 IF X$(J*2+2,1)=$03$ THEN LET X$(J*2+1,1)=$83$
10640 IF X$(J*2+2,1)=$04$ THEN LET X$(J*2+1,1)=$84$
10670 NEXT J
10680 LET Y$=STBL("!TERMS",X$)
10720 FOR J=1 TO 27
10740 IF KEYS$[J,3]<>"" THEN PRINT 'EL'+"2"+KEYS$[J,3],KEYS$[J,1],KEYS$[J,2],
10750 NEXT J
10820 LET X$=STBL("!EDIT")
10840 FOR J=0 TO INT(LEN(X$)/2)-1
10850 FOR K=1 TO 27
10860 IF X$(J*2+2)=KEYS$[K,5] THEN LET X$(J*2+1,1)=KEYS$[J,2](1,1)
10870 NEXT K
10880 NEXT J
10920 LET Y$=STBL("!EDIT",X$)
11990 RETURN 
