0010 REM "TMM - Lead Source Code Maintenance Listing
0020 REM "Program TMM.BB
0030 REM "ADD+ON SOFTWARE VERSION 5.0.2 - 07/24/91"
0035 REM "11/26/91 By Jerry Koch
0040 REM "COPYRIGHT (C) 1991 MicroAccounting Systems, Inc. ALL RIGHTS RESERVED"
0041 REM 
0042 REM "01/06/97 KJS WA: #221 ADS"
0089 REM 
0090 SETERR 9000
0100 REM "OPEN/LOCK FILES"
0170 CALL "SYC.GA",7,1,"","",STATUS
0175 IF STATUS THEN GOTO 9900
0190 SETERR 9600
0200 REM "IOLISTS"
0210 IOLIST A0$,A1$
0390 IOLIST 'LD','LD','LD','LD','LD','LD','LD'
0500 REM "INIT DATA"
0510 LET H0=40,H1=70,H=0,H1$=N4$+" LISTING"
0520 LET L9=50,L=L9+1,T0=0
0700 REM "BACKGROUND"
0800 REM "OPTIONS"
1000 REM "INITIAL READ"
1020 READ (1,KEY=N0$+"B",DOM=1030)
1100 REM "MAIN READ"
1120 READ (1,END=4000)IOL=0210
1200 REM "BREAKS"
1220 IF A0$(1,3)<>N0$+"B" THEN GOTO 4000
2000 REM "PRINT"
2020 IF L>L9 THEN GOSUB 5000
2040 PRINT (7)@(0),A0$(4,4),@(6),A0$(8,20)
2200 LET L=L+1,T0=T0+1
2290 GOTO 1100
4000 REM "OPTIONS"
4020 PRINT (7)'LF',@(10),"Total Records:",T0
4100 GOTO 9900
5000 REM "HEADING"
5005 GOSUB 7400
5020 LET H=H+1,L=0
5040 PRINT (7)'FF',@(INT(H0-LEN(N1$)/2)),N1$,'LF',@(0),FNB$(PRM$[FID,TDATE]),@(10),FNE$(Q$),@(INT(H0-LEN(H1$)/2)),H1$,@(H1),"Page",H,'LF'; REM "WA: #221
5100 PRINT (7)@(0),"Lead Source"
5110 PRINT (7)@(0),"Code",@(6),"Description",'LF'
5190 RETURN 
6000 REM "SUBROUTINES"
7000 REM " --- Standard Input Routine (15May95)"
7010 CALL "SYC.IA",V0$,V1$,V2$,V3$,V4$,PGM(-2),V0,V1,V2,V$,V,V3,DISPLAY_LEN
7020 IF V3=999 THEN GOTO 7200
7030 IF V3=127 THEN GOTO 7100
7090 RETURN 
7100 REM " --- Escape During Input"
7110 CALL "SYC.ES",ERR=7200,PGM(-2),TCB(8),E$,E2,V3
7120 IF V3<>127 THEN GOTO 7000
7130 PRINT @(0,E2),'CL','CURSOR'("ON"),E$,'LF'
7200 REM " --- Error During Input"
7210 ESCAPE
7290 GOTO 7000
7400 REM " --- Printing interrupt"
7410 INPUT (0,SIZ=0,TIM=0,ERR=7490)Q$
7420 IF CTL<>4 THEN GOTO 7490
7430 CALL "SYC.RI",Q1
7440 IF Q1=0 THEN GOTO 7490
7450 PRINT (7)""
7460 PRINT (7)"----> Report Terminated by Operator"
7470 GOTO 9900
7490 RETURN 
8000 REM "FUNCTIONS"
8010 DEF FNA$(Q$,Q2$)=STR((ASC(Q$)-32)*POS(" "<>Q2$(2,1)):"00")
8020 DEF FNB$(Q1$)=FNA$(Q1$(2),Q1$)+"/"+FNA$(Q1$(3),Q1$)+"/"+FNA$(Q1$(1),Q1$)
8030 DEF FNC$(Q1$)=FNA$(Q1$(2),Q1$)+FNA$(Q1$(3),Q1$)+FNA$(Q1$(1),Q1$)
8040 DEF FND$(Q$)=CHR(NUM(Q$(5,2))+32)+CHR(NUM(Q$(1,2))+32)+CHR(NUM(Q$(3,2))+32)
8050 DEF FNE$(Q$)=STR(INT(TIM):"00")+":"+STR(FPT(TIM)*60:"00")
8060 DEF FNF$(Q$,Q1$)=STR(-NUM(Q$):Q1$)
8070 DEF FNG$(Q$)=STR((ASC(Q$)-32)*POS(" "<>Q$):"000")
9000 REM " --- Standard Error Routine (15May95)"
9010 IF ERR=127 THEN GOTO 9300
9020 CALL "SYC.EA",ERR=9090,EXIT_CTRL,PGM(-2),ERR,TCB(5),E$,E1,E2
9030 IF E1=1 THEN GOTO 9100
9040 IF E1=3 THEN GOTO 9200
9080 PRINT @(0,E2),'CL','CURSOR'("ON"),E$,'LF'
9090 ESCAPE
9100 REM " --- Retry"
9190 RETRY
9200 REM " --- Return"
9210 SETERR 9000
9290 GOTO 9900
9300 REM " --- Standard Escape Routine"
9310 CALL "SYC.ES",ERR=9350,PGM(-2),TCB(8),E$,E2,V3
9320 IF V3<>127 THEN GOTO 9390
9330 PRINT @(0,E2),'CL','CURSOR'("ON"),E$,'LF'
9350 ESCAPE
9390 RETURN 
9800 REM " --- Display Parameter record error"
9810 LET LINE_ERR$=LST(PGM(TCB(5)))
9820 CALL "SYC.YA",LINE_ERR$,N2$,ERR
9900 RUN "SYS.AA"
9999 END
