0010 REM "TMM - TeleMarketing Masterfile Maintenance
0020 REM "Program: TMM.MA
0030 REM "ADD+ON SOFTWARE VERSION 5
0031 REM "11/27/91 by Jerry Koch
0032 REM "MAS * DCF * 5/12/93 * RICHMARK COMPANY
0033 REM "MAS * JCM * Racing Strollers * WA:205 (4046)
0040 REM "COPYRIGHT(C)1991 MicroAccounting Systems, Inc. ALL RIGHTS RESERVED
0060 BEGIN 
0090 SETERR 9000
1000 REM " --- Call T/M Maint"
1010 CALL "TMMCMA",XX
1090 GOTO 9900
9000 REM " --- Input/Maintenance Error Processing"
9010 LET E$=LST(PGM(TCB(5))),E1$=STR(TCB(5)),E2$=PGM(-2),E0=ERR,E1=0
9030 CALL "SYC.EA",ERR=9080,E$,E1$,E2$,E0,E1
9040 IF E1=1 THEN GOTO 9100
9060 IF E1=3 THEN GOTO 9200
9080 PRINT @(0,22),'CL',E$,'LF','LF',
9090 ESCAPE
9100 REM " --- Retry"
9110 SETERR 9000
9120 RETRY
9200 REM "F4/END OPTION FOR LOCKED RECORD
9210 SETERR 9000
9220 GOTO 0900
9900 RUN "SYS.AA"
9999 END
