0010 REM "GEN - RUNS STAND ALONE GEN REPORTS"
0020 REM "PROGRAM: TMR.BA"
0030 REM "DATE: 05/19/92: MAP"
0050 BEGIN 
0090 SETERR 9000
1030 LET X$="RUN TEST R"
1040 LET O$="EXECUTE"
1050 LET Y$="SYS.AA"
1060 DIM W$(50); LET W$(41,8)="10101012"
4190 RUN "GE4.AA"
9000 REM " --- Input/Maintenance Error Processing"
9010 LET E$=LST(PGM(TCB(5))),E1$=STR(TCB(5)),E2$=PGM(-2),E0=ERR,E1=0
9030 CALL "SYC.EA",ERR=9080,E$,E1$,E2$,E0,E1
9040 IF E1=1 THEN GOTO 9100
9060 IF E1=3 THEN GOTO 9200
9080 PRINT @(0,22),'CL',E$,'LF','LF',
9090 ESCAPE
9100 REM " --- Retry"
9110 SETERR 9000
9120 RETRY
9200 REM "F4/END OPTION FOR LOCKED RECORD
9210 SETERR 9000
9220 GOTO 0900
9900 RUN "SYS.AA"
9999 END
