0010 REM "TMU - TeleMarketing Comments Purge - II
0020 REM "Program TMU.BB
0030 REM "ADD+ON SOFTWARE VERSION 5.0.2 - 07/24/91"
0035 REM "12/09/91 by Jerry Koch
0040 REM "COPYRIGHT (C) 1991 MicroAccounting Systems, Inc. ALL RIGHTS RESERVED"
0090 SETERR 9000
0100 REM "OPEN/LOCK FILES"
0200 REM "IOLISTS"
0500 REM "INIT DATA"
0550 LET P9$=STR(99999999-NUM(P9$))
0700 REM "BACKGROUND"
0800 REM "OPTIONS"
0900 REM "INIT FILE"
1000 REM "KEY"
1010 READ (1,KEY=N0$,DOM=1011)
1100 REM "--- Main Read
1110 LET K$=KEY(1,END=4000); READ (1)
1120 IF POS(N0$=K$)<>1 THEN GOTO 4000
1150 IF K$(23,8)<P9$ THEN READ (1,KEY=K$(1,22)+P9$,DOM=1100)
1210 PRINT @(40,5),K$(3,20)," ",FNB$(STR(99999999-NUM(K$(23,8)))),
2000 REM "--- Purge Comments
2010 REMOVE (1,KEY=K$,DOM=2011)
2990 GOTO 1100
4000 REM "--- End of Processing
4090 GOTO 9900
7000 REM " --- Standard Input Routine (15May95)"
7010 CALL "SYC.IA",V0$,V1$,V2$,V3$,V4$,PGM(-2),V0,V1,V2,V$,V,V3,DISPLAY_LEN
7020 IF V3=999 THEN GOTO 7200
7030 IF V3=127 THEN GOTO 7100
7090 RETURN 
7100 REM " --- Escape During Input"
7110 CALL "SYC.ES",ERR=7200,PGM(-2),TCB(8),E$,E2,V3
7120 IF V3<>127 THEN GOTO 7000
7130 PRINT @(0,E2),'CL','CURSOR'("ON"),E$,'LF'
7200 REM " --- Error During Input"
7210 ESCAPE
7290 GOTO 7000
8000 REM "FUNCTIONS"
8005 REM "-- Special Date functions for YYYYMMDD Dates: FNU=Unpack (trims Century), FNP=Pack (add Century), FNB=Display YYYYMMDD as MM/DD/YY
8010 DEF FNA$(Q$,Q2$)=STR((ASC(Q$)-32)*POS(" "<>Q2$(2,1)):"00")
8020 DEF FNB$(Q1$)=Q1$(5,2)+CHR(32+15*(Q1$(5,1)<>" "))+Q1$(7,2)+CHR(32+15*(Q1$(5,1)<>" "))+Q1$(3,2)
8030 DEF FNC$(Q1$)=FNA$(Q1$(2),Q1$)+FNA$(Q1$(3),Q1$)+FNA$(Q1$(1),Q1$)
8040 DEF FND$(Q$)=CHR(NUM(Q$(5,2))+32)+CHR(NUM(Q$(1,2))+32)+CHR(NUM(Q$(3,2))+32)
8050 DEF FNE$(Q$)=STR(INT(TIM):"00")+":"+STR(FPT(TIM)*60:"00")
8060 DEF FNF$(Q$,Q1$)=STR(-NUM(Q$):Q1$)
8070 DEF FNG$(Q$)=STR((ASC(Q$)-32)*POS(" "<>Q$):"000")
8080 DEF FNH(Q$)=ASC(Q$)-32
8090 DEF FNI$(Q)=CHR(Q+32)
8094 DEF FNP$(Q1$)="19"+Q1$
8096 DEF FNU$(Q1$)=Q1$(5,4)+Q1$(3,2)
9000 REM " --- Standard Error Routine (15May95)"
9010 IF ERR=127 THEN GOTO 9300
9020 CALL "SYC.EA",ERR=9090,EXIT_CTRL,PGM(-2),ERR,TCB(5),E$,E1,E2
9030 IF E1=1 THEN GOTO 9100
9040 IF E1=3 THEN GOTO 9200
9080 PRINT @(0,E2),'CL','CURSOR'("ON"),E$,'LF'
9090 ESCAPE
9100 REM " --- Retry"
9190 RETRY
9200 REM " --- Return"
9210 SETERR 9000
9290 GOTO 9900
9300 REM " --- Standard Escape Routine"
9310 CALL "SYC.ES",ERR=9350,PGM(-2),TCB(8),E$,E2,V3
9320 IF V3<>127 THEN GOTO 9390
9330 PRINT @(0,E2),'CL','CURSOR'("ON"),E$,'LF'
9350 ESCAPE
9390 RETURN 
9800 REM " --- Display Parameter record error"
9810 LET LINE_ERR$=LST(PGM(TCB(5)))
9820 CALL "SYC.YA",LINE_ERR$,N2$,ERR
9900 RUN "SYS.AA"
9999 END
