0010 REM TAOSSET - set up for Taos calls
0020 REM FILENAME$=taos program to be called
0030 REM Reset when FILENAME$="RESET"
0040 ENTER FILENAME$
0042 LET PARAM$=""; GOTO 0050
0044 PARAM: ENTER FILENAME$,PARAM$
0050 IF CVS(FILENAME$,6)="RESET" THEN GOTO RESET
0080 REM First, check if this has already been done
0090 LET A$=STBL("BBEXT",ERR=100); GOTO 0140
0100 CALL STBL("EXT")+"_acu.utl"
0140 REM 
0160 CALL STBL("BBEXT")+"_lkeymap.utl"
0170 CALL STBL("BBEXT")+"_rsteus.utl"
0180 CALL STBL("BBEXT")+"_setpath.utl",FILENAME$
0185 IF PARAM$="" THEN CALL FILENAME$
0187 IF PARAM$<>"" THEN CALL FILENAME$,PARAM$
0190 REM GOTO TAOSSET_END
0200 RESET: 
0210 CALL STBL("BBEXT")+"_rstold.utl"
0220 CALL STBL("BBEXT")+"_cleanup.utl"
0230 TAOSSET_END: 
0240 EXIT