0010 REM "SYC - SpeedSearch Path Manager"
0020 REM "Program SYC.QB"
0022 REM "+-----------------------------------------------------------+"
0024 REM "| ADD+ON Software, Inc. Advantage/V Version 6.0.0 - 15May96 |"
0026 REM "|      Copyright (c) 1996 Open Systems Holdings Corp.       |"
0028 REM "|                  All Rights Reserved                      |"
0030 REM "+-----------------------------------------------------------+"
0040 REM 
0045 REM "DISPLAY$: Text to display on screen (input)"
0050 REM "KEY$    : Key value (input)"
0055 REM "TYPE$   : Key type (input)"
0060 REM 
0080 SETERR 9000
0085 SETESC 9000
0090 ENTER DISPLAY$,KEY$,TYPE$
0200 REM " --- IOLIST's"
0210 SYM32A: IOLIST USER$(1),PATH$[ALL]
0400 REM " --- Parameters"
0410 DIM SPEED$(128),USER$(3)
0420 LET SPEED$=STBL("!SPEEDSEARCH",ERR=9900),NAME$=FNP$(SPEED$(3,8))
0430 LET USER$(1)=SPEED$(47,3),MAXPATH=NUM(SPEED$(61,2))
0440 LET SYM32_DEV=NUM(STBL("!SYM32"))
0500 REM " --- Initializations"
0510 DIM PATH$[MAXPATH,5]
1000 REM " --- Find path"
1010 FIND (SYM32_DEV,KEY=USER$,DOM=3000)IOL=SYM32A
1020 LET LEVEL=1,ROW=0
1030 WHILE LEVEL<MAXPATH+1
1040 IF PATH$[LEVEL,2]=TYPE$ THEN LET PATH$[LEVEL,3]=KEY$
1050 LET LEVEL=LEVEL+1
1060 WEND
1090 WRITE (SYM32_DEV,KEY=USER$)IOL=SYM32A
3000 REM " --- Update screen"
3010 CALL "SYC.WB",NAME$,0
3020 IF TYPE$="ITEM" THEN LET ROW=2
3030 IF TYPE$="CUSTOMER" OR TYPE$="VENDOR" THEN LET ROW=0
3040 IF TYPE$="INVOICE" OR TYPE$="ORDER" THEN LET ROW=1
3090 IF LEN(DISPLAY$)>0 THEN PRINT @(0,ROW),'CL',DISPLAY$,
4000 REM " --- All done"
4090 GOTO 9900
8000 REM " --- Functions"
8080 DEF FNP$(Q$)=CVS(Q$,2)
9000 REM " --- Standard Error Routine (15May95)"
9010 IF ERR=127 THEN GOTO 9300
9020 CALL "SYC.EA",ERR=9090,EXIT_CTRL,PGM(-2),ERR,TCB(5),E$,E1,E2
9030 IF E1=1 THEN GOTO 9100
9040 IF E1=3 THEN GOTO 9200
9080 PRINT @(0,E2),'CL','CURSOR'("ON"),E$,'LF'
9090 ESCAPE
9100 REM " --- Retry"
9190 RETRY
9200 REM " --- Return"
9290 GOTO 9900
9300 REM " --- Standard Escape Routine"
9310 CALL "SYC.ES",ERR=9350,PGM(-2),TCB(8),E$,E2,V3
9320 IF V3<>127 THEN GOTO 9390
9330 PRINT @(0,E2),'CL','CURSOR'("ON"),E$,'LF'
9350 ESCAPE
9390 RETURN 
9900 REM " --- Return to caller"
9950 EXIT 
9999 END
