0010 REM "SYC - Window Delete"
0020 REM "Program SYC.WD"
0022 REM "+-----------------------------------------------------------+"
0024 REM "| ADD+ON Software, Inc. Advantage/V Version 6.0.0 - 15May96 |"
0026 REM "|      Copyright (c) 1996 Open Systems Holdings Corp.       |"
0028 REM "|                  All Rights Reserved                      |"
0030 REM "+-----------------------------------------------------------+"
0040 REM 
0045 REM "NAME$: Name of window to delete (input/returned)"
0050 REM 
0080 SETERR 9000
0085 SETESC 9000
0090 ENTER NAME$
1000 REM " --- Delete window"
1010 PRINT (0,ERR=1020)'DROP'(ASC(NAME$,ERR=1020)),
1020 PRINT 'SF',
4000 REM " --- All done"
4010 LET NAME$=""
4090 GOTO 9900
9000 REM " --- Standard Error Routine (15May95)"
9010 IF ERR=127 THEN GOTO 9300
9020 CALL "SYC.EA",ERR=9090,EXIT_CTRL,PGM(-2),ERR,TCB(5),E$,E1,E2
9030 IF E1=1 THEN GOTO 9100
9040 IF E1=3 THEN GOTO 9200
9080 PRINT @(0,E2),'CL','CURSOR'("ON"),E$,'LF'
9090 ESCAPE
9100 REM " --- Retry"
9190 RETRY
9200 REM " --- Return"
9290 GOTO 9900
9300 REM " --- Standard Escape Routine"
9310 CALL "SYC.ES",ERR=9350,PGM(-2),TCB(8),E$,E2,V3
9320 IF V3<>127 THEN GOTO 9390
9330 PRINT @(0,E2),'CL','CURSOR'("ON"),E$,'LF'
9350 ESCAPE
9390 RETURN 
9900 REM " --- Return to caller"
9950 EXIT 
9999 END
