0010 REM "APE - INVOICE ENTRY 6"
0020 REM "Program APE.DG"
0022 REM "+-----------------------------------------------------------+"
0024 REM "| ADD+ON Software, Inc. Advantage/V Version 6.0.0 - 15May96 |"
0026 REM "|      Copyright (c) 1996 Open Systems Holdings Corp.       |"
0028 REM "|                  All Rights Reserved                      |"
0030 REM "+-----------------------------------------------------------+"
0040 REM 
0045 SETESC 9000
0050 SETERR 9000
0060 ON O9 GOTO 1000,4000
0100 REM "OPEN/LOCK FILES"
0200 REM "IOLISTS"
0210 APE03A: IOLIST A0$(1),A[0],A[1],A[2]
0220 APM10D: IOLIST X0$
0230 APM10C: IOLIST X0$,X[0],X[1],X[2]
0250 APT02A: IOLIST E0$
0400 REM "PARAMETERS"
0700 REM "BACKGROUND"
0720 PRINT 'SB',@(15,5),"Adjustment",'SF',
0800 REM "OPTIONS"
0900 REM "INIT FILE"
1000 REM "KEY"
1020 FIND (APT02_DEV,KEY=A0$(1,22),DOM=4200)IOL=APT02A
1040 LET A0$(1)=E0$
2100 REM "PMT GROUP"
2120 LET V0$="S",V1$="C",V2$=A0$(25,2),V0=2,V1=15,V2=9,I0=0,V5$="D"
2125 LET V4$="Enter A Valid Payment Group, <F3>=Lookup"
2130 GOSUB 7000
2132 IF V3<>3 THEN GOTO 2140
2134 GOSUB 6600
2136 IF V$="" THEN GOTO 2100
2140 LET A0$(25,2)=V$
2150 FIND (APM10_DEV,KEY=N0$+"D"+A0$(25,2),DOM=2120)IOL=APM10D
2160 PRINT @(10,17),'SB',"Payment Group: ",'SF',X0$(6,20),
2190 GOTO 3900
2200 REM "TERMS CODE"
2220 LET V0$="S",V1$="C",V2$=A0$(27,2),V0=2,V1=15,V2=10,V5$="C"
2225 LET V4$="Enter A Valid Terms Code, <F3>=Lookup"
2230 GOSUB 7000
2232 IF V3<>3 THEN GOTO 2240
2234 GOSUB 6600
2236 IF V$="" THEN GOTO 2200
2240 LET A0$(27,2)=V$
2250 FIND (APM10_DEV,KEY=N0$+"C"+A0$(27,2),DOM=2220)IOL=APM10C
2260 PRINT @(18,19),'SB',"Terms: ",'SF',X0$(6,20),
2290 GOTO 3900
2300 REM "HOLD"
2320 LET V0$="Y",V1$="CR",V2$=A0$(67,1),V4$="Y=Yes N=No",V0=1,V1=15,V2=11
2340 GOSUB 7000
2360 LET A0$(67,1)=V$
2390 GOTO 3900
2500 REM "ACCTG DATE"
2520 LET V0$="D",V1$="R",V2$=A0$(32,3),V0=8,V1=35,V2=9
2540 GOSUB 7000
2560 LET A0$(32,3)=V$
2590 GOTO 3900
2600 REM "DUE DATE"
2620 LET V0$="D",V1$="R",V2$=A0$(35,3),V0=8,V1=35,V2=10
2640 GOSUB 7000
2660 LET A0$(35,3)=V$
2690 GOTO 3900
2700 REM "DISCOUNT DATE"
2720 LET V0$="D",V2$=A0$(38,3),V0=8,V1=35,V2=11
2740 GOSUB 7000
2760 LET A0$(38,3)=V$
2790 GOTO 3900
2800 REM "ADJ AMT"
2820 LET V0$="N",V2$=STR(A[0]),V3$=M1$,V1=60,V2=7
2830 GOSUB 7000
2840 LET A[0]=V
2850 IF X0$="" THEN GOTO 3900
2860 IF A[1]=0 THEN LET A[1]=A[0]*X[0]/100
2870 PRINT @(60,8),A[1]:M1$,
2890 GOTO 3900
2900 REM "DISC"
2920 LET V0$="N",V2$=STR(A[1]),V3$=M1$,V1=60,V2=8
2940 GOSUB 7000
2960 LET A[1]=V
2990 GOTO 3900
3000 REM "RETENT"
3010 IF P3$(3,1)<>"Y" THEN GOTO 3900
3020 LET V0$="N",V2$=STR(A[2]),V3$=M1$,V1=60,V2=9
3040 GOSUB 7000
3060 LET A[2]=V
3090 GOTO 3900
3100 REM "REF"
3120 LET V0$="S",V2$=A0$(41,10),V0=10,V1=60,V2=10
3140 GOSUB 7000
3160 LET A0$(41,10)=V$
3190 GOTO 3900
3200 REM "MEMO"
3220 LET V0$="S",V2$=A0$(51,16),V0=16,V1=60,V2=11
3240 GOSUB 7000
3260 LET A0$(51,16)=V$
3290 GOTO 3900
3900 REM "NEXT FIELD"
3910 IF V3=4 THEN GOTO 4000
3920 IF V3<>2 THEN GOTO 3950
3930 IF I0>0 THEN LET I0=I0-1
3940 GOTO 3960
3950 LET I0=I0+1
3960 ON I0 GOTO 2100,2200,2300,2500,2600,2700,2800,2900,3000,3100,3200,3990
4000 REM "OPTIONS"
4010 LET V0$="S",V1$="KC",V2$="",V3$="",V4$="Is The Above Information Correct (Y/N/Delete)? ",V0=6,V1=FNV(V4$),V2=22
4020 GOSUB 7000
4030 IF V$="DELETE" THEN GOTO 4200
4050 ON POS(V$="YN") GOTO 4000,4100,2000
4100 REM "WRITE"
4120 WRITE (APE03_DEV,KEY=A0$(1,22))IOL=APE03A
4190 RUN "APE.DE"
4200 REM "DELETE"
4230 READ (APE13_DEV,KEY=A0$(1,20),DOM=4240)
4240 LET K$=KEY(APE13_DEV,END=4280)
4250 IF K$(1,20)<>A0$(1,20) THEN GOTO 4280
4260 REMOVE (APE13_DEV,KEY=K$)
4270 GOTO 4240
4280 REMOVE (APE03_DEV,KEY=A0$(1,22),DOM=4281)
4290 IF A0$(5,4)="TEMP" THEN IF O1=0 THEN REMOVE (APM03_DEV,KEY=D0$,DOM=4300)
4300 RUN "APE.DB"
6200 REM "CREATE DUE&DISC"
6220 LET V=X[1]
6230 CALL "SYC.CD",X0$(26,1),A0$(29,3),V,V$,STATUS
6240 LET A0$(35,3)=V$,V=X[2]
6260 CALL "SYC.CD",X0$(26,1),A0$(29,3),V,V$,STATUS
6270 LET A0$(38,3)=V$
6280 PRINT @(35,9),FNB$(A0$(32,3)),@(35,10),FNB$(A0$(35,3)),@(35,11),FNB$(A0$(38,3)),
6290 RETURN 
6600 REM "GENERAL LOOK-UP"
6610 LET V4=1,V5=APM10_DEV,V6=4,V7=2,V8=6,V9=20,V$=""
6620 CALL "SYC.LZ",V1,V2,V4,V5,V6,V7,V8,V9,V$,V5$,N0$
6690 RETURN 
6900 LET K7=MOD(K8,10)
6910 IF K7=0 THEN LET K7=10
6920 IF Z0$="M" THEN LET V7=Z[2]*V[12*(K7-1)+K9-1]/100,K6=12
6922 IF Z0$="A" THEN LET V7=V[K8]*Z[2]/100,K6=12
6930 IF K8=1 THEN LET K6=13-K9
6940 IF K8>INT(Z[0]/12) THEN IF K9>1 THEN LET K6=K9-1
6950 LET V=V7/K6
6970 IF V0=12*(V3-1)+13-K9 OR V0=Z[0] THEN IF V*K6<>V7 THEN LET V=V+V7-V*K6
6980 IF K8>INT(Z[0]/12) THEN LET V=0
6990 RETURN 
7000 REM " --- Standard Input Routine (15May95)"
7010 CALL "SYC.IA",V0$,V1$,V2$,V3$,V4$,PGM(-2),V0,V1,V2,V$,V,V3,DISPLAY_LEN
7020 IF V3=999 THEN GOTO 7200
7030 IF V3=127 THEN GOTO 7100
7090 RETURN 
7100 REM " --- Escape During Input"
7110 CALL "SYC.ES",ERR=7200,PGM(-2),TCB(8),E$,E2,V3
7120 IF V3<>127 THEN GOTO 7000
7130 PRINT @(0,E2),'CL','CURSOR'("ON"),E$,'LF'
7200 REM " --- Error During Input"
7210 ESCAPE
7290 GOTO 7000
8000 REM "FUNCTIONS"
8010 DEF FNA$(Q$,Q2$)=STR(MOD((ASC(Q$)-32)*POS(" "<>Q2$(2,1)),100):"00")
8020 DEF FNB$(Q1$)=FNA$(Q1$(2),Q1$)+"/"+FNA$(Q1$(3),Q1$)+"/"+FNA$(Q1$(1),Q1$)
8060 DEF FNV(Q$)=42+INT(LEN(Q$)/2)
8145 REM " --- FNYY21_YY$ Un-Convert 21st Century 2-Char Year to 2-Char Year"
8150 DEF FNYY21_YY$(Q1$)
8155 LET Q3$=" 01234567890123456789",Q1$(1,1)=Q3$(POS(Q1$(1,1)=" 0123456789ABCDEFGHIJ"))
8160 RETURN Q1$
8165 FNEND
8210 DEF FNF$(Q1$,Q2$)
8220 IF Q2$="" THEN LET Q2$=FILL(LEN(Q1$),"0")
8230 RETURN STR(-NUM(Q1$,ERR=ALPHA_FNF):Q2$,ERR=ALPHA_FNF)
8240 ALPHA_FNF: 
8245 LET Q=1,Q0=0
8250 WHILE LEN(Q2$(Q))
8255 IF POS(Q2$(Q,1)="-()") THEN LET Q0=Q0+1 ELSE LET Q2$(Q,1)="X"
8260 LET Q=Q+1
8265 WEND
8270 IF LEN(Q1$)>LEN(Q2$)-Q0 THEN LET Q1$=Q1$(1,LEN(Q2$)-Q0)
8280 RETURN STR(Q1$:Q2$)
8290 FNEND
9000 REM " --- Standard Error Routine (15May95)"
9010 IF ERR=127 THEN GOTO 9300
9020 CALL "SYC.EA",ERR=9090,EXIT_CTRL,PGM(-2),ERR,TCB(5),E$,E1,E2
9030 IF E1=1 THEN GOTO 9100
9040 IF E1=3 THEN GOTO 9200
9080 PRINT @(0,E2),'CL','CURSOR'("ON"),E$,'LF'
9090 ESCAPE
9100 REM " --- Retry"
9190 RETRY
9200 REM " --- Return"
9290 GOTO 9900
9300 REM " --- Standard Escape Routine"
9310 CALL "SYC.ES",ERR=9350,PGM(-2),TCB(8),E$,E2,V3
9320 IF V3<>127 THEN GOTO 9390
9330 PRINT @(0,E2),'CL','CURSOR'("ON"),E$,'LF'
9350 ESCAPE
9390 RETURN 
9900 RUN "SYS.AA"
9999 END
