0010 REM "APE - PAYMENT SELECTION ENTRY"
0020 REM "Program APE.EA"
0022 REM "+-----------------------------------------------------------+"
0024 REM "| ADD+ON Software, Inc. Advantage/V Version 6.0.0 - 15May96 |"
0026 REM "|      Copyright (c) 1996 Open Systems Holdings Corp.       |"
0028 REM "|                  All Rights Reserved                      |"
0030 REM "+-----------------------------------------------------------+"
0040 REM 
0050 BEGIN 
0085 SETESC 9000
0090 SETERR 9000
0100 REM " --- Open/Lock Files
0110 LET FILES=12
0120 DIM FILES$[FILES],OPTIONS$[FILES],CHANNELS[FILES]
0130 LET FILES$[1]="APE-04",FILES$[2]="APE-06",FILES$[3]="APE-16"
0140 LET FILES$[4]="APM-01",FILES$[5]="APM-03",FILES$[6]="APM-04"
0145 LET FILES$[7]="APM-10",FILES$[8]="APT-01",FILES$[9]="APT-01"
0150 LET FILES$[10]="APT-11",FILES$[11]="APW-01",FILES$[12]="SYS-01"
0160 CALL "SYC.DA",1,1,12,FILES$[ALL],OPTIONS$[ALL],CHANNELS[ALL],BATCH,STATUS
0170 IF STATUS>0 THEN GOTO 9900
0175 LET APE04_DEV=CHANNELS[1],APE06_DEV=CHANNELS[2],APE16_DEV=CHANNELS[3]
0180 LET APM01_DEV=CHANNELS[4],APM03_DEV=CHANNELS[5],APM04_DEV=CHANNELS[6]
0185 LET APM10_DEV=CHANNELS[7],APT01_DEV1=CHANNELS[8],APT01_DEV2=CHANNELS[9]
0190 LET APT11_DEV=CHANNELS[10],APW01_DEV=CHANNELS[11],SYS01_DEV=CHANNELS[12]
0200 REM " --- IOLists
0250 APE06A: IOLIST N0$,0
0260 SYS01T: IOLIST X$,F0$,X$,X$,X$,F4$,F5$
0270 APS01A: IOLIST P0$,P1$,P2$,P3$,P4$,M0$,M1$,M2$,M3$
0280 GLS01A: IOLIST X$,G1$,G2$,G3$,G4$,G5$,G6$,G7$
0400 REM " --- Parameters
0410 FIND (SYS01_DEV,KEY="T"+FID(0),DOM=9800)IOL=SYS01T
0420 LET N0$=F0$(16,2),N1$=F4$,N2$="AP",N3$=F5$
0430 FIND (SYS01_DEV,KEY=N0$+N2$+"00",DOM=9800)IOL=APS01A
0440 FIND (SYS01_DEV,KEY=N0$+"GL"+"00",DOM=9800)IOL=GLS01A
0450 DIM P[2],G[4]
0460 FOR X=0 TO 4
0470 LET G[X]=NUM(G2$(X*2+1,2),ERR=0480)
0480 NEXT X
0485 LET G[2]=FNYY_YEAR(G2$(5,2))
0490 LET P[0]=NUM(P2$(1,2)),P[1]=NUM(P2$(3,2)),P[2]=FNYY_YEAR(P4$(3,2))
0500 REM " --- Init Data
0510 LET H0=60,H1=120,H=0,H1$=N1$,H2$=N3$
0530 DIM J$(80,"-"),J0$(10,"0"),J1$(40," ")
0540 DIM A[2],D[3],W[2],U[4],T[4],X[4]
0550 LET M0=LEN(M0$),M1=LEN(M1$)
0560 LET P9$=F0$(7,3),P8$=P9$,P7$=P8$
0700 REM " --- Background
0710 CALL "SYC.WC",1,0,80,0,0,4,0
1000 REM " --- Check for Check Printins in Progress
1010 READ (APW01_DEV,KEY=N0$,DOM=1020)
1020 LET K$=KEY(APW01_DEV,END=1200)
1040 IF K$(1,2)<>N0$ THEN GOTO 1200
1100 REM " --- Started
1105 DIM MESSAGE$[1]
1110 LET MESSAGE$[0]="Check Printing Already In Progress (<Enter>=Continue)"
1120 CALL "SYC.XA",2,MESSAGE$[ALL],0,22,-1,V$,V3
1140 IF V$="SPECIAL" THEN GOTO 1265
1190 GOTO 9900
1200 REM " ---- Check for Prior Selections
1220 READ (APE04_DEV,KEY=N0$,DOM=1230)
1240 LET K$=KEY(APE04_DEV,END=2000)
1260 IF K$(1,2)<>N0$ THEN GOTO 2000
1265 LET V4$="Do You Wish To Clear All Previous Selections"
1270 CALL "SYC.YN",0,V4$,0,V$,V3
1290 IF V3=4 THEN GOTO 9900
1300 IF V$="NO" THEN GOTO 2000
1320 IF V$<>"YES" THEN GOTO 1265
1340 GOSUB 6800
2000 REM " --- Close Files
4000 REM " --- Overlay
4100 RUN "APE.EB"
6800 REM " --- Clear Selections
6810 PRINT @(10,3),"Clearing All Previous Selections....",
6820 READ (APE04_DEV,KEY=N0$,DOM=6830)
6840 LET K$=KEY(APE04_DEV,END=6890)
6860 IF K$(1,2)<>N0$ THEN GOTO 6890
6870 REMOVE (APE04_DEV,KEY=K$)
6880 GOTO 6840
6900 READ (APE16_DEV,KEY=N0$,DOM=6910)
6910 LET K$=KEY(APE16_DEV,END=6950)
6920 IF K$(1,2)<>N0$ THEN GOTO 6950
6930 REMOVE (APE16_DEV,KEY=K$)
6940 GOTO 6910
6950 REMOVE (APE06_DEV,KEY=N0$,DOM=6951)
6970 WRITE (APE06_DEV,KEY=N0$)IOL=APE06A
6980 PRINT @(0,3),'CL',
6990 RETURN 
8000 REM " --- Functions
8145 REM " --- FNYY21_YY$ Un-Convert 21st Century 2-Char Year to 2-Char Year"
8150 DEF FNYY21_YY$(Q1$)
8155 LET Q3$=" 01234567890123456789",Q1$(1,1)=Q3$(POS(Q1$(1,1)=" 0123456789ABCDEFGHIJ"))
8160 RETURN Q1$
8165 FNEND
8170 REM " --- FNYY_YEAR Convert 2-Char Year to 21st Century Numeric Year"
8175 DEF FNYY_YEAR(Q1$)
8180 LET Q=NUM(FNYY21_YY$(Q1$)); IF Q<50 THEN LET Q=Q+100
8185 RETURN Q
8190 FNEND
9000 REM " --- Standard Error Routine (15May95)"
9010 IF ERR=127 THEN GOTO 9300
9020 CALL "SYC.EA",ERR=9090,EXIT_CTRL,PGM(-2),ERR,TCB(5),E$,E1,E2
9030 IF E1=1 THEN GOTO 9100
9040 IF E1=3 THEN GOTO 9200
9080 PRINT @(0,E2),'CL','CURSOR'("ON"),E$,'LF'
9090 ESCAPE
9100 REM " --- Retry"
9190 RETRY
9200 REM " --- Return"
9210 SETERR 9000
9220 GOTO 9900
9300 REM " --- Standard Escape Routine"
9310 CALL "SYC.ES",ERR=9350,PGM(-2),TCB(8),E$,E2,V3
9320 IF V3<>127 THEN GOTO 9390
9330 PRINT @(0,E2),'CL','CURSOR'("ON"),E$,'LF'
9350 ESCAPE
9390 RETURN 
9800 REM " --- Display Parameter record error"
9810 LET LINE_ERR$=LST(PGM(TCB(5)))
9820 CALL "SYC.YA",LINE_ERR$,N2$,ERR
9900 RUN "SYS.AA"
9999 END
