0010 REM "APE - RECURRING INVOICE ENTRY"
0020 REM "Program APE.DA"
0022 REM "+-----------------------------------------------------------+"
0024 REM "| ADD+ON Software, Inc. Advantage/V Version 6.0.0 - 15May96 |"
0026 REM "|      Copyright (c) 1996 Open Systems Holdings Corp.       |"
0028 REM "|                  All Rights Reserved                      |"
0030 REM "+-----------------------------------------------------------+"
0040 REM 
0060 BEGIN 
0085 SETESC 9000
0090 SETERR 9000
0100 REM "OPEN/LOCK FILES"
0110 LET FILES=10
0120 DIM FILES$[FILES],OPTIONS$[FILES],CHANNELS[FILES]
0130 LET FILES$[1]="APE-03",FILES$[2]="APE-13",FILES$[3]="APM-09",FILES$[4]="APM-01",FILES$[5]="APM-02"
0140 LET FILES$[6]="APM-03",FILES$[7]="APT-02",FILES$[8]="SYS-01",FILES$[9]="APM-10"
0150 LET FILES$[10]="GLM-01"
0160 CALL "SYC.DA",1,1,9,FILES$[ALL],OPTIONS$[ALL],CHANNELS[ALL],BATCH,STATUS
0170 IF STATUS>0 THEN GOTO 9900
0180 LET APE03_DEV=CHANNELS[1],APE13_DEV=CHANNELS[2],APM09_DEV=CHANNELS[3],APM01_DEV=CHANNELS[4],APM02_DEV=CHANNELS[5]
0185 LET APM03_DEV=CHANNELS[6],APT02_DEV=CHANNELS[7],SYS01_DEV=CHANNELS[8],APM10_DEV=CHANNELS[9]
0200 REM "IOLISTS"
0260 APS01A: IOLIST X$,P1$,P2$,P3$,P4$,M0$,M1$,M2$,M3$
0270 SYS01T: IOLIST X$,F0$,X$,X$,X$,F4$,F5$
0280 GLS01A: IOLIST X$,G1$,G2$,G3$,G4$,G5$,G6$,G7$
0400 REM "PARAMETERS"
0405 DIM INFO$[20]
0410 FIND (SYS01_DEV,KEY="T"+FID(0),DOM=9800)IOL=SYS01T
0420 LET N0$=F0$(16,2),N1$=F4$,N2$="AP",N4$=F5$
0430 FIND (SYS01_DEV,KEY=N0$+N2$+"00",DOM=9800)IOL=APS01A
0440 FIND (SYS01_DEV,KEY=N0$+"GL00",DOM=9800)IOL=GLS01A
0450 DIM P[2],G[4]
0460 FOR X=0 TO 4
0465 LET G[X]=NUM(G2$(X*2+1,2),ERR=0470)
0470 NEXT X
0475 LET G[2]=FNYY_YEAR(G2$(5,2))
0480 LET P[0]=NUM(P2$(1,2)),P[1]=NUM(P2$(3,2)),P[2]=NUM(P3$(9,1))
0485 CALL "SYC.VA",N2$,INFO$[ALL]
0490 LET GL$=INFO$[9]
0500 REM "INIT DATA"
0510 DIM J0$(20,"0"),J$(80,"-"),J1$(40," ")
0520 DIM A0$(72),A[4],D0$(14),D1$(105),W0$(22),W[1],W1$(G[4]),X[2],W2$(10)
0530 LET K0=1,K9=8,L0=14,L9=20,A0$(1)=N0$
0550 CALL "SYC.RM",M1$,M1,8,14
0570 LET M8$="(###)-###-####",M9$="###-##-####"
0580 LET G5=LEN(G5$),G6=LEN(G6$),G7=LEN(G7$)
0630 IF GL$<>"Y" THEN GOTO 0700
0640 CALL "SYC.DA",1,10,10,FILES$[ALL],OPTIONS$[ALL],CHANNELS[ALL],BATCH,STATUS
0650 IF STATUS>0 THEN GOTO 9900
0660 LET GLM01_DEV=CHANNELS[10]
0700 REM " --- Background"
0705 CALL "SYC.WC",1,0,80,0,0,5,0
0710 CALL "SYC.WC",1,0,80,0,0,12,0
0715 PRINT 'SB',@(0,3),"Vendor Number:",@(9,4),"Name:",
0720 IF P3$(1,1)="Y" THEN PRINT @(6,6),"AP Type:",
0725 PRINT @(3,7),"Invoice No:",
0730 IF P3$(2,1)="Y" THEN PRINT @(4,8),"Dist Code:",
0735 PRINT @(4,9),"Pmt Group:",@(3,10),"Terms Code:",@(9,11),"Hold:",
0740 PRINT @(21,8),"Invoice Date:",@(23,9),"Acctg Date:",@(25,10),"Due Date:",@(20,11),"Discount Date:",
0745 PRINT @(41,5),"Total Invoice Amt: ",J1$(1,M1+1),@(43,6),"Net Invoice Amt:",@(44,7),"Adjustment Amt:",@(46,8),"Discount Amt:",@(49,10),"Reference:",@(54,11),"Memo:",
0750 IF P3$(3,1)="Y" THEN IF P3$(4,1)<>"Y" THEN PRINT @(45,9),"Retention Amt:",
0755 PRINT @(0,13),"Seq",@(5),"Account",@(42+M1),"Amount",
0760 IF G4$(3,1)="Y" THEN PRINT @(59+G7),"Units",
0765 IF P3$(16,1)="Y" THEN PRINT @(25),"Miscellaneous",
0770 PRINT 'SF',
4000 REM "OVERLAY"
4040 LET V=G[1]
4050 CALL "SYC.PA",SYS01_DEV,V,G[2],V0$,V9$,STATUS
4060 LET R9$=V0$
4100 RUN "APE.DB"
8000 REM " --- Functions"
8145 REM " --- FNYY21_YY$ Un-Convert 21st Century 2-Char Year to 2-Char Year"
8150 DEF FNYY21_YY$(Q1$)
8155 LET Q3$=" 01234567890123456789",Q1$(1,1)=Q3$(POS(Q1$(1,1)=" 0123456789ABCDEFGHIJ"))
8160 RETURN Q1$
8165 FNEND
8170 REM " --- FNYY_YEAR Convert 2-Char Year to 21st Century Numeric Year"
8175 DEF FNYY_YEAR(Q1$)
8180 LET Q=NUM(FNYY21_YY$(Q1$)); IF Q<50 THEN LET Q=Q+100
8185 RETURN Q
8190 FNEND
9000 REM " --- Standard Error Routine (15May95)"
9010 IF ERR=127 THEN GOTO 9300
9020 CALL "SYC.EA",ERR=9090,EXIT_CTRL,PGM(-2),ERR,TCB(5),E$,E1,E2
9030 IF E1=1 THEN GOTO 9100
9040 IF E1=3 THEN GOTO 9200
9080 PRINT @(0,E2),'CL','CURSOR'("ON"),E$,'LF'
9090 ESCAPE
9100 REM " --- Retry"
9190 RETRY
9200 REM " --- Return"
9210 SETERR 9000
9220 GOTO 9900
9300 REM " --- Standard Escape Routine"
9310 CALL "SYC.ES",ERR=9350,PGM(-2),TCB(8),E$,E2,V3
9320 IF V3<>127 THEN GOTO 9390
9330 PRINT @(0,E2),'CL','CURSOR'("ON"),E$,'LF'
9350 ESCAPE
9390 RETURN 
9800 REM " --- Display Parameter record error"
9810 LET LINE_ERR$=LST(PGM(TCB(5)))
9820 CALL "SYC.YA",LINE_ERR$,N2$,ERR
9900 RUN "SYS.AA"
9999 END
