0010 REM "GLE - Journal Entry (Lead Overlay)"
0020 REM "Program GLE.CA"
0022 REM "+-----------------------------------------------------------+"
0024 REM "| ADD+ON Software, Inc. Advantage/V Version 6.0.0 - 15May96 |"
0026 REM "|      Copyright (c) 1996 Open Systems Holdings Corp.       |"
0028 REM "|                  All Rights Reserved                      |"
0030 REM "+-----------------------------------------------------------+"
0040 REM 
0060 BEGIN 
0085 SETESC 9000
0090 SETERR 9000
0100 REM " --- Open/Lock Files"
0110 LET FILES=3
0120 DIM FILES$[FILES],OPTIONS$[FILES],CHANNELS[FILES]
0130 LET FILES$[1]="GLE-01",FILES$[2]="GLE-11",FILES$[3]="SYS-01"
0160 CALL "SYC.DA",1,1,3,FILES$[ALL],OPTIONS$[ALL],CHANNELS[ALL],BATCH,STATUS
0170 IF STATUS>0 THEN GOTO 9900
0180 LET GLE01_DEV=CHANNELS[1],GLE11_DEV=CHANNELS[2],SYS01_DEV=CHANNELS[3]
0400 REM " --- Parameters"
0410 LET GL$="N",N2$="GL",SOURCE$=PGM(-2),STATUS=0
0430 CALL "GLC.BA",ERR=0490,SOURCE$,N2$,GLW11$,GL$,STATUS
0440 IF STATUS<>0 THEN GOTO 9900
0500 REM " --- Initializations"
0550 LET CYCLES$="N",JE$="Y"
4000 REM " --- Run Overlay"
4020 CLOSE (SYS01_DEV,ERR=4030)
4090 RUN "GLE.CB"
9000 REM " --- Standard Error Routine (15May95)"
9010 IF ERR=127 THEN GOTO 9300
9020 CALL "SYC.EA",ERR=9090,EXIT_CTRL,PGM(-2),ERR,TCB(5),E$,E1,E2
9030 IF E1=1 THEN GOTO 9100
9040 IF E1=3 THEN GOTO 9200
9080 PRINT @(0,E2),'CL','CURSOR'("ON"),E$,'LF'
9090 ESCAPE
9100 REM " --- Retry"
9190 RETRY
9200 REM " --- Return"
9290 GOTO 9900
9300 REM " --- Standard Escape Routine"
9310 CALL "SYC.ES",ERR=9350,PGM(-2),TCB(8),E$,E2,V3
9320 IF V3<>127 THEN GOTO 9390
9330 PRINT @(0,E2),'CL','CURSOR'("ON"),E$,'LF'
9350 ESCAPE
9390 RETURN 
9900 REM " --- Return to menu"
9950 RUN "SYS.AA"
9999 END
