0010 REM "GLM - G/L Account Maintenance (Transaction Hardcopy)"
0020 REM "Program GLM.AI"
0022 REM "+-----------------------------------------------------------+"
0024 REM "| ADD+ON Software, Inc. Advantage/V Version 6.0.0 - 15May96 |"
0026 REM "|      Copyright (c) 1996 Open Systems Holdings Corp.       |"
0028 REM "|                  All Rights Reserved                      |"
0030 REM "+-----------------------------------------------------------+"
0040 REM 
0085 SETESC 9000
0090 SETERR 9000
0500 REM " --- Initializations"
0510 LET ACTION$="135",SOURCE$=PGM(-2),PROGRAM$="GLR.CB",PRINTER$=""
0550 LET BEGACCT$=A0$(3),ENDACCT$=A0$(3),OFFSET=5,O0=1
4000 REM " --- Run report overlay"
4090 RUN "GLR.AA"
9000 REM " --- Standard Error Routine (15May95)"
9010 IF ERR=127 THEN GOTO 9300
9020 CALL "SYC.EA",ERR=9090,EXIT_CTRL,PGM(-2),ERR,TCB(5),E$,E1,E2
9030 IF E1=1 THEN GOTO 9100
9040 IF E1=3 THEN GOTO 9200
9080 PRINT @(0,E2),'CL','CURSOR'("ON"),E$,'LF'
9090 ESCAPE
9100 REM " --- Retry"
9190 RETRY
9200 REM " --- <F4>/END Option For Locked Record"
9220 IF ERR=0 THEN RUN MENU$,ERR=9900
9290 GOTO 9900
9300 REM " --- Standard Escape Routine"
9310 CALL "SYC.ES",ERR=9350,PGM(-2),TCB(8),E$,E2,V3
9320 IF V3<>127 THEN GOTO 9390
9330 PRINT @(0,E2),'CL','CURSOR'("ON"),E$,'LF'
9350 ESCAPE
9390 RETURN 
9900 REM " --- Return to menu"
9950 RUN "SYS.AA"
9999 END
