0010 REM "GLM - G/L Account Maintenance (Summary Hardcopy)"
0020 REM "Program GLM.AH"
0022 REM "+-----------------------------------------------------------+"
0024 REM "| ADD+ON Software, Inc. Advantage/V Version 6.0.0 - 15May96 |"
0026 REM "|      Copyright (c) 1996 Open Systems Holdings Corp.       |"
0028 REM "|                  All Rights Reserved                      |"
0030 REM "+-----------------------------------------------------------+"
0040 REM 
0085 SETESC 9000
0090 SETERR 9000
0100 REM " --- Open/Lock Files"
0170 CALL "SYC.GA",7,1,"","",STATUS
0175 IF STATUS THEN GOTO 4900
0500 REM " --- Initializations"
0510 DIM HEADINGS$[2]
0540 LET L9=59,L=L9+1,H=0,H0=132
0550 LET BEGACCT$=A0$(3),ENDACCT$=A0$(3),WILDCARD$="",ID$="",AU$=""
0570 LET HEADINGS=2,HEADINGS$[0]=N1$,HEADINGS$[1]=INQUIRY$
0580 LET HEADINGS$[2]="For Account "+FNF$(A0$(3,P[3]),M0$)+" "+FNP$(A1$(1,35))
0800 REM " --- Build standard GLM-02 record selection strings"
0810 FOR X=0 TO 5
0820 LET ID$=ID$+STR(X),AU$=AU$+"A"
0830 IF P4$(3,1)="Y" THEN LET ID$=ID$+STR(X),AU$=AU$+"U"
0840 NEXT X
0900 REM " --- Position file"
0910 IF P4$(2,1)<>"Y" THEN GOTO 4000
0990 READ (GLM08_DEV,KEY=N0$,DOM=1000)
1000 REM " --- Read next GLM-08 record"
1010 LET K$=KEY(GLM08_DEV,END=4000)
1020 IF POS(N0$=K$)=0 THEN GOTO 4000
1030 READ (GLM08_DEV)
1040 LET ID$=ID$+K$(3,1),AU$=AU$+K$(4,1)
1090 GOTO 1000
4000 REM " --- Run report overlay"
4090 RUN "GLR.IB"
4900 REM " --- Return to submenu"
4990 RUN MENU$,ERR=9900
8000 REM " --- Functions"
8070 DEF FNP$(Q$)=CVS(Q$,2)
8200 REM " --- FNF$ AlphaNumeric Masking Function"
8210 DEF FNF$(Q1$,Q2$)
8220 IF Q2$="" THEN LET Q2$=FILL(LEN(Q1$),"0")
8230 RETURN STR(-NUM(Q1$,ERR=ALPHA_FNF):Q2$,ERR=ALPHA_FNF)
8240 ALPHA_FNF: 
8245 LET Q=1,Q0=0
8250 WHILE LEN(Q2$(Q))
8255 IF POS(Q2$(Q,1)="-()") THEN LET Q0=Q0+1 ELSE LET Q2$(Q,1)="X"
8260 LET Q=Q+1
8265 WEND
8270 IF LEN(Q1$)>LEN(Q2$)-Q0 THEN LET Q1$=Q1$(1,LEN(Q2$)-Q0)
8280 RETURN STR(Q1$:Q2$)
8290 FNEND
9000 REM " --- Standard Error Routine (15May95)"
9010 IF ERR=127 THEN GOTO 9300
9020 CALL "SYC.EA",ERR=9090,EXIT_CTRL,PGM(-2),ERR,TCB(5),E$,E1,E2
9030 IF E1=1 THEN GOTO 9100
9040 IF E1=3 THEN GOTO 9200
9080 PRINT @(0,E2),'CL','CURSOR'("ON"),E$,'LF'
9090 ESCAPE
9100 REM " --- Retry"
9190 RETRY
9200 REM " --- Return"
9290 GOTO 9900
9300 REM " --- Standard Escape Routine"
9310 CALL "SYC.ES",ERR=9350,PGM(-2),TCB(8),E$,E2,V3
9320 IF V3<>127 THEN GOTO 9390
9330 PRINT @(0,E2),'CL','CURSOR'("ON"),E$,'LF'
9350 ESCAPE
9390 RETURN 
9900 REM " --- Return to menu"
9950 RUN "SYS.AA"
9999 END
