0010 REM "GLU - Creat Budget Revision (Lead Overlay)"
0020 REM "Program GLU.FA"
0022 REM "+-----------------------------------------------------------+"
0024 REM "| ADD+ON Software, Inc. Advantage/V Version 6.0.0 - 15May96 |"
0026 REM "|      Copyright (c) 1996 Open Systems Holdings Corp.       |"
0028 REM "|                  All Rights Reserved                      |"
0030 REM "+-----------------------------------------------------------+"
0040 REM 
0070 BEGIN 
0085 SETESC 9000
0090 SETERR 9000
0100 REM " --- Open/Lock Files"
0110 LET FILES=4
0120 DIM FILES$[FILES],OPTIONS$[FILES],CHANNELS[FILES]
0130 LET FILES$[1]="GLM-01",FILES$[2]="GLM-02",FILES$[3]="GLM-08"
0150 LET FILES$[4]="SYS-01"
0160 CALL "SYC.DA",1,1,4,FILES$[ALL],OPTIONS$[ALL],CHANNELS[ALL],BATCH,STATUS
0170 IF STATUS>0 THEN GOTO 9900
0180 LET GLM01_DEV=CHANNELS[1],GLM02_DEV=CHANNELS[2],GLM08_DEV=CHANNELS[3]
0190 LET SYS01_DEV=CHANNELS[4]
0200 REM " --- IOLIST's"
0210 GLM01A: IOLIST A0$(1),A1$(1)
0260 SYS01T: IOLIST X$,F0$,X$,X$,X$,F4$,F5$
0270 GLS01A: IOLIST P0$,P1$,P2$(1),P3$(1),P4$(1),M0$,M1$,M2$,M3$
0280 GLM08A: IOLIST C0$(1),C1$(1),C2$(1),C3$(1),C4$,C5$,C[ALL]
0400 REM " --- Parameters"
0410 DIM P2$(10),P3$(325),P4$(32),P[4]
0420 FIND (SYS01_DEV,KEY="T"+FID(0),DOM=9800)IOL=SYS01T
0430 LET N0$=F0$(16,2),N1$=F4$,N2$="GL",N3$=F5$
0440 FIND (SYS01_DEV,KEY=N0$+N2$+"00",DOM=9800)IOL=GLS01A
0450 IF P4$(2,1)<>"Y" THEN GOTO 4900
0460 LET M0=LEN(M0$),M1=LEN(M1$),M2=LEN(M2$),M3=LEN(M3$),MP=13
0480 FOR X=0 TO 4
0485 LET P[X]=NUM(P2$(X*2+1,2),ERR=0490)
0490 NEXT X
0495 LET P[2]=FNYY_YEAR(P2$(5,2))
0500 REM " --- Initializations"
0510 DIM A0$(2+P[4]),A1$(40),C0$(4),C1$(64),C2$(P[4]),C3$(P[4]),C[8]
0590 LET M4$="-##0.00%",ACTION$="R"
0600 REM " --- Channel Variables (Used by Overlays)"
0700 REM " --- Background"
0710 CALL "SYC.WC",1,0,80,0,0,7,0
0750 PRINT 'SB',@(25,3),"Revision Code:",@(22,4),"Amounts or Units:",@(27,5),"Description:",@(26,6),"Column Title:",@(23,8),"Revision Source:",@(14,9),"Beginning Account Number:",@(17,10),"Ending Account Number:",@(25,11),"Wildcard Mask:",@(21,12),"Amount/Percentage:",@(33,13),"Value:",@(29,14),"Overwrite:",@(23,15),"Rounding Factor:",@(26,16),"Date Created:",@(25,17),"Last Revision:",'SF',
0900 REM " --- Position file"
0990 READ (GLM08_DEV,KEY=N0$,DOM=1000)
1000 REM " --- Revision Code"
1005 PRINT 'CF',
1010 LET V2$="",V2$=KEY(GLM08_DEV,END=1040)
1020 IF POS(N0$=V2$)<>1 THEN LET V2$=""
1030 IF V2$<>"" THEN LET C0$(3,1)=V2$(3,1),C0$(4,1)=V2$(4,1)
1040 LET V0$="S",V1$="C^",V2$=C0$(3,1),V3$="",V0=1,V1=40,V2=3,I0=0
1045 LET V4$="Enter The Revision Code (A through Z/<F3>=Lookup)"
1050 GOSUB 7000
1055 ON V3 GOTO 1080,1000,1000,1060,9900
1060 CALL "GLC.LA",ACTION$,SELECTION$,FLAGS$,DESCRIPTION$,TITLE$
1065 IF SELECTION$="" THEN GOTO 1000
1070 LET C0$(1,2)=N0$,C0$(3,1)=SELECTION$,C0$(4,1)=FLAGS$
1075 GOTO 1200
1080 IF POS(V$="ABCDEFGHIJKLMNOPQRSTUVWXYZ")=0 THEN GOTO 1000
1090 LET C0$(1,2)=N0$,C0$(3,1)=V$
1100 REM " --- Amounts or Units?"
1105 IF P4$(3,1)="Y" THEN GOTO 1120
1110 LET C0$(4,1)="A"
1115 GOTO 1200
1120 LET V4$="Amounts or Units (A/U)?"
1125 LET V0$="S",V1$="C^",V2$=C0$(4,1),V3$="",V0=1,V1=40,V2=4
1130 GOSUB 7000
1135 ON V3 GOTO 1140,1100,1000,1100,9900
1140 IF POS(V$="AU")=0 THEN GOTO 1100
1190 LET C0$(4,1)=V$
1200 REM " --- Retrieve record"
1210 FIND (GLM08_DEV,KEY=C0$,DOM=1250)IOL=GLM08A
1220 GOTO 1300
1250 IF P4$(3,1)="Y" THEN GOTO 1100
1260 GOTO 1000
1300 REM " --- Display record"
1310 GOSUB 5000
1390 GOTO 4000
4000 REM " --- Correct?"
4010 LET V0$="S",V4$="Is The Above Information Correct (Y/N)?"
4020 LET V1$="KC",V2$="Y",V3$="",V0=1,V1=FNV(V4$),V2=22
4030 GOSUB 7000
4040 ON V3 GOTO 4050,4000,4000,4000,9900
4090 ON POS(V$="YN") GOTO 4000,4100,1000
4100 REM " --- Run update overlay"
4190 RUN "GLU.FB"
4900 REM " --- Budgets not specified on parameter record"
4910 CALL "GLC.HA",STATUS
4990 GOTO 9900
5000 REM " --- Display"
5010 LET MASK$=M1$,BEGACCT$="First",ENDACCT$="Last"
5015 IF C1$(59,1)="P" THEN LET MASK$=M4$
5020 IF FNP$(C2$)="" THEN GOTO 5040
5025 LET V$=C2$
5030 GOSUB 5200
5035 LET BEGACCT$=DESCRIPTION$
5040 IF FNP$(C3$)="" THEN GOTO 5060
5045 LET V$=C3$
5050 GOSUB 5200
5055 LET ENDACCT$=DESCRIPTION$
5060 CALL "GLC.FA",GLM08_DEV,N0$,C1$(58,1),C0$(4,1),DESCRIPTION$,X$,STATUS
5070 PRINT @(40,3),C0$(3,1),@(40,4),C0$(4,1),@(40,5),C1$(1,30),@(40,6),C1$(31,15),@(40,8),C1$(58,1)," ",DESCRIPTION$,'CL',@(40,9),BEGACCT$,'CL',@(40,10),ENDACCT$,'CL',@(40,11),C4$,@(40,12),C1$(59,1),@(40,13),C[0]:MASK$,@(40,14),C1$(60,1),@(40,15),C1$(61,1),@(40,16),FNB6$(C1$(46,6)),@(40,17),FNB6$(C1$(52,6))
5090 RETURN 
5200 REM " --- Retrieve and return G/L Account"
5210 DIM A1$(40),DESCRIPTION$(38)
5220 LET A0$(1)=N0$+V$,A1$(1,35)="(Not On File)"
5230 FIND (GLM01_DEV,KEY=A0$,DOM=5250)IOL=GLM01A
5250 LET DESCRIPTION$(1)=FNF$(A0$(3,P[3]),M0$)+" "+A1$(1,35)
5290 RETURN 
7000 REM " --- Standard Input Routine (15May95)"
7010 CALL "SYC.IA",V0$,V1$,V2$,V3$,V4$,PGM(-2),V0,V1,V2,V$,V,V3,DISPLAY_LEN
7020 IF V3=999 THEN GOTO 7200
7030 IF V3=127 THEN GOTO 7100
7090 RETURN 
7100 REM " --- Escape During Input"
7110 CALL "SYC.ES",ERR=7200,PGM(-2),TCB(8),E$,E2,V3
7120 IF V3<>127 THEN GOTO 7000
7130 PRINT @(0,E2),'CL','CURSOR'("ON"),E$,'LF'
7200 REM " --- Error During Input"
7210 ESCAPE
7290 GOTO 7000
8000 REM " --- Functions"
8025 DEF FNB6$(Q1$)=Q1$(3,2)+"/"+Q1$(5,2)+"/"+FNYY21_YY$(Q1$(1,2))
8035 DEF FNC(Q$,Q)=INT((Q-LEN(Q$))/2)
8080 DEF FNP$(Q$)=CVS(Q$,2)
8090 DEF FNV(Q$)=42+INT(LEN(Q$)/2)
8145 REM " --- FNYY21_YY$ Un-Convert 21st Century 2-Char Year to 2-Char Year"
8150 DEF FNYY21_YY$(Q1$)
8155 LET Q3$=" 01234567890123456789",Q1$(1,1)=Q3$(POS(Q1$(1,1)=" 0123456789ABCDEFGHIJ"))
8160 RETURN Q1$
8165 FNEND
8170 REM " --- FNYY_YEAR Convert 2-Char Year to 21st Century Numeric Year"
8175 DEF FNYY_YEAR(Q1$)
8180 LET Q=NUM(FNYY21_YY$(Q1$)); IF Q<50 THEN LET Q=Q+100
8185 RETURN Q
8190 FNEND
8200 REM " --- FNF$ AlphaNumeric Masking Function"
8210 DEF FNF$(Q1$,Q2$)
8220 IF Q2$="" THEN LET Q2$=FILL(LEN(Q1$),"0")
8230 RETURN STR(-NUM(Q1$,ERR=ALPHA_FNF):Q2$,ERR=ALPHA_FNF)
8240 ALPHA_FNF: 
8245 LET Q=1,Q0=0
8250 WHILE LEN(Q2$(Q))
8255 IF POS(Q2$(Q,1)="-()") THEN LET Q0=Q0+1 ELSE LET Q2$(Q,1)="X"
8260 LET Q=Q+1
8265 WEND
8270 IF LEN(Q1$)>LEN(Q2$)-Q0 THEN LET Q1$=Q1$(1,LEN(Q2$)-Q0)
8280 RETURN STR(Q1$:Q2$)
8290 FNEND
9000 REM " --- Standard Error Routine (15May95)"
9010 IF ERR=127 THEN GOTO 9300
9020 CALL "SYC.EA",ERR=9090,EXIT_CTRL,PGM(-2),ERR,TCB(5),E$,E1,E2
9030 IF E1=1 THEN GOTO 9100
9040 IF E1=3 THEN GOTO 9200
9080 PRINT @(0,E2),'CL','CURSOR'("ON"),E$,'LF'
9090 ESCAPE
9100 REM " --- Retry"
9190 RETRY
9200 REM " --- Return"
9290 GOTO 9900
9300 REM " --- Standard Escape Routine"
9310 CALL "SYC.ES",ERR=9350,PGM(-2),TCB(8),E$,E2,V3
9320 IF V3<>127 THEN GOTO 9390
9330 PRINT @(0,E2),'CL','CURSOR'("ON"),E$,'LF'
9350 ESCAPE
9390 RETURN 
9800 REM " --- Display Parameter record error"
9810 LET LINE_ERR$=LST(PGM(TCB(5)))
9820 CALL "SYC.YA",LINE_ERR$,N2$,ERR
9900 RUN "SYS.AA"
9999 END
