0010 REM "IVP - Parameter Maintenance (System Parameters)"
0020 REM "Program IVP.AB"
0022 REM "+-----------------------------------------------------------+"
0024 REM "| ADD+ON Software, Inc. Advantage/V Version 6.0.0 - 15May96 |"
0026 REM "|      Copyright (c) 1996 Open Systems Holdings Corp.       |"
0028 REM "|                  All Rights Reserved                      |"
0030 REM "+-----------------------------------------------------------+"
0031 REM "MAS * DCF * WA# 205 * FIX ITEM LENGTH=20, DESC=60
0040 REM 
0080 SETERR 9000
0090 SETESC 9000
0200 REM " --- IOLIST's"
0210 IVS01A: IOLIST A0$,A1$,A2$(1),A3$(1),A4$(1),M0$,M1$,M2$,M3$,M4$,M5$
0220 IVM10C: IOLIST B0$(1)
0500 REM " --- Initializations"
0510 DIM A2$(53),A3$(20),A4$(4),B0$(32)
0550 LET M9$="00",A0$=N0$+N2$+"00"
0700 REM " --- Background"
0710 PRINT @(0,3),'CE',
0720 CALL "SYC.WC",1,0,80,0,0,16,0
0730 PRINT 'SB',@(10,4),"Item Number Size:",@(44),"Extension Mask:",@(11,5),"MFG Number Size:",@(45),"Quantity Mask:",@(15,6),"Auto Number:",@(49),"Cost Mask:",@(17,7),"Precision:",@(48),"Price Mask:",@(4,8),"Lotted/Serialized/None:",@(36),"Conversion Factor Mask:",@(4,9),"Lot/Serial Number Size:",@(49),"Labels Up:",@(63),"Across",@(12,10),"LIFO/FIFO/None:",@(46),"Label Length:",@(63),"Lines",@(8,11),"Method For Costing:",@(47),"Label Width:",@(63),"Characters",@(12,13),"Current Period:",@(39),"Multiple Warehouses:",@(14,14),"Current Year:",@(41),"Default Warehouse:",@(32,16)," Item Description ",@(28,17),"Length  Name",@(50),"Masterfile?",@(17,18),"Segment 1:",@(17,19),"Segment 2:",@(17,20),"Segment 3:",'SF',
1200 REM " --- Retrieve record"
1210 FIND (SYS01_DEV,KEY=A0$,DOM=1500)IOL=IVS01A
1220 LET OLD_RECORD=1,METHOD$=A3$(8,1)
1300 REM " --- Display record"
1310 GOSUB 5000
1390 GOTO 4000
1500 REM " --- New record initializations"
1505 LET OLD_RECORD=0
1510 DIM A2$(53),A3$(20),A4$(4)
1520 REM LET A2$(1)="10202 10300000Description ",A2$(51,3)="NNN"
1521 LET A2$(1)="20202 10600000Description ",A2$(51,3)="NNN"; REM "MAS * WA# 205"
1525 LET A3$(1)="Y N    AN",A3$(10,6)="030636",A3$(17,1)="N",A4$(1)=G2$(3)
1530 LET M0$="",M1$="###,###,##0.00-",M2$="###,###,##0-",M3$="###,##0.00-"
1535 LET M3$="###,##0.00-",M4$=M3$,M5$=M2$
1565 LET P[0]=NUM(A2$(1,2)),P[1]=NUM(A2$(5,1)),P[2]=NUM(A2$(7,2))
1570 LET P[3]=NUM(A2$(9,2)),P[4]=NUM(A2$(11,2)),P[5]=NUM(A2$(13,2))
1575 LET P[6]=NUM(A4$(1,2)),P[7]=FNYY_YEAR(A4$(3,2)),P[8]=NUM(A2$(3,2))
1580 LET P[9]=NUM(A3$(10,2)),P[10]=NUM(A3$(12,2)),P[11]=NUM(A3$(14,2))
1590 GOSUB 5000
1600 REM " --- Item number length"
1605 LET V=20,V$="20"; GOTO 1660; REM FIX AT 20 - WA# 205
1610 LET V0$="Z",V1$="CR",V2$=A2$(1,2),V3$="",V0=2,V1=28,V2=4,I0=0
1620 LET V4$="Enter The Length Of The Item Number ("+STR(MINITEM)+" Through 20)"
1630 GOSUB 7000
1640 ON V3 GOTO 1650,1600,3900,1600,9900
1650 IF V<MINITEM OR V>20 THEN GOTO 1600
1660 LET A2$(1,2)=V$,P[0]=V
1690 GOTO 3900
1700 REM " --- MFG number size"
1710 LET V4$="Enter The Manufacturer's Maximum Item Number Size (1 Through 20)"
1720 LET V0$="Z",V1$="CR",V2$=A2$(3,2),V3$="",V0=2,V1=28,V2=5
1730 GOSUB 7000
1740 ON V3 GOTO 1750,1700,3900,1700,3900
1750 IF V>20 THEN GOTO 1700
1760 LET A2$(3,2)=V$,P[8]=V
1790 GOTO 3900
1800 REM " --- Auto number?"
1810 LET V4$="Automatically Generate Item Numbers (Y/N/C=Yes With Check Digit)?"
1820 LET V0$="S",V1$="CR",V2$=A3$(9,1),V3$="YNC",V0=1,V1=28,V2=6
1830 GOSUB 7000
1840 ON V3 GOTO 1850,1800,3900,1800,3900
1850 LET A3$(9,1)=V$
1890 GOTO 3900
1900 REM " --- Precision"
1910 LET V4$="Enter The Desired Inventory Numeric Precision (2 Through 4)"
1920 LET V0$="Z",V1$="CR",V2$=A2$(5,1),V3$="",V0=1,V1=28,V2=7
1930 GOSUB 7000
1940 ON V3 GOTO 1950,1900,3900,1900,3900
1950 IF V<2 OR V>4 THEN GOTO 1900
1960 LET A2$(5,1)=V$,P[1]=V
1990 GOTO 3900
2000 REM " --- Lotted/Serialized?"
2010 LET V4$="Process Serialized Or Lotted Inventory (S=Serial/L=Lot/N=Neither)?"
2020 LET V0$="S",V1$="CR",V2$=A3$(17,1),V3$="SLN",V0=1,V1=28,V2=8
2030 GOSUB 7000
2040 ON V3 GOTO 2050,2000,3900,2000,3900
2050 LET A3$(17,1)=V$,LS$="N"
2060 IF POS(A3$(17,1)="LS")>0 THEN LET LS$="Y"
2090 GOTO 3900
2100 REM " --- Serial/Lot number size"
2110 IF LS$<>"Y" THEN GOTO 3900
2115 LET V4$="Enter The Length Of The Lot/Serial Number ("+STR(MINLOTSER)+" Through 20)"
2120 LET V0$="Z",V1$="CR",V2$=A2$(7,2),V3$="",V0=2,V1=28,V2=9
2130 GOSUB 7000
2140 ON V3 GOTO 2150,2100,3900,2100,3900
2150 IF V<MINLOTSER OR V>20 THEN GOTO 2100
2180 LET A2$(7,2)=V$,P[2]=V
2190 GOTO 3900
2200 REM " --- LIFO/FIFO?"
2210 LET V4$="L=LIFO Inventory     F=FIFO Inventory     N=Neither"
2220 LET V0$="S",V1$="CR",V2$=A3$(3,1),V1=28,V2=10,V3$="LFN",V0=1
2230 GOSUB 7000
2240 ON V3 GOTO 2250,2200,3900,2200,3900
2250 LET A3$(3,1)=V$
2290 GOTO 3900
2300 REM " --- Costing Method"
2310 LET V4$="Enter The Costing Method To Be Used (A=Average/R=Replacement/S=Standard)"
2320 LET V0$="S",V1$="CR",V2$=A3$(8,1),V1=28,V2=11,V0=1,V3$="ARS"
2330 GOSUB 7000
2340 ON V3 GOTO 2350,2300,3900,2300,3900
2350 IF OLD_RECORD AND V$<>METHOD$ THEN GOSUB 6000
2360 LET A3$(8,1)=V$
2390 GOTO 3900
2400 REM " --- Current Period"
2410 LET V4$="Enter The Current Inventory Period (1 Through "+STR(G[0])+")"
2420 LET V0$="Z",V1$="CR",V2$=A4$(1,2),V3$="",V0=2,V1=28,V2=13
2430 GOSUB 7000
2440 ON V3 GOTO 2450,2400,3900,2400,3900
2450 IF V<1 OR V>G[0] THEN GOTO 2400
2460 LET A4$(1,2)=V$
2490 GOTO 3900
2500 REM " --- Current Year"
2510 LET V4$="Enter The Current Inventory Year"
2520 LET V0$="D",V1$="CRY",V2$=A4$(3,2),V3$="",V0=2,V1=28,V2=14
2530 GOSUB 7000
2540 ON V3 GOTO 2550,2500,3900,2500,3900
2550 LET A4$(3,2)=V$
2590 GOTO 3900
2600 REM " --- Extension Mask"
2610 LET V4$="Enter The Mask To Be Used For Extended Prices/Costs And Totals"
2620 LET V0$="S",V1$="C",V2$=M1$,V3$="",V0=15,V1=60,V2=4
2630 GOSUB 7000
2640 ON V3 GOTO 2650,2600,3900,2600,3900
2650 GOSUB 6100
2660 IF V$="" THEN GOTO 2600
2680 LET M1$=V$
2690 GOTO 3900
2700 REM " --- Quantity Mask"
2710 LET V4$="Enter The Mask To Be Used For Inventory Quantities"
2720 LET V0$="S",V1$="C",V2$=M2$,V3$="",V0=12,V1=60,V2=5
2730 GOSUB 7000
2740 ON V3 GOTO 2750,2700,3900,2700,3900
2750 GOSUB 6100
2760 IF V$="" THEN GOTO 2700
2780 LET M2$=V$
2790 GOTO 3900
2800 REM " --- Cost Mask"
2810 LET V4$="Enter The Mask To Be Used For Inventory Costs"
2820 LET V0$="S",V1$="C",V2$=M3$,V3$="",V0=12,V1=60,V2=6
2830 GOSUB 7000
2840 ON V3 GOTO 2850,2800,3900,2800,3900
2850 GOSUB 6100
2860 IF V$="" THEN GOTO 2800
2880 LET M3$=V$
2890 GOTO 3900
2900 REM " --- Price Mask"
2910 LET V4$="Enter The Mask To Be Used For Inventory Prices"
2920 LET V0$="S",V1$="C",V2$=M4$,V3$="",V0=12,V1=60,V2=7
2930 GOSUB 7000
2940 ON V3 GOTO 2950,2900,3900,2900,3900
2950 GOSUB 6100
2960 IF V$="" THEN GOTO 2900
2980 LET M4$=V$
2990 GOTO 3900
3000 REM " --- Conversion Factor Mask"
3010 LET V4$="Enter The Mask To Be Used For Conversion Factors"
3020 LET V0$="S",V1$="C",V2$=M5$,V3$="",V0=12,V1=60,V2=8
3030 GOSUB 7000
3040 ON V3 GOTO 3050,3000,3900,3000,3900
3050 GOSUB 6100
3060 IF V$="" THEN GOTO 3000
3080 LET M5$=V$
3090 GOTO 3900
3100 REM " --- Label size"
3110 LET X0=I0-15,V0$="Z",V1$="KC",V2$=A3$(10+X0*2,2),V3$="",V4$=""
3120 LET V0=2,V1=60,V2=9+X0
3130 GOSUB 7000
3140 ON V3 GOTO 3150,3100,3900,3100,3900
3150 LET A3$(10+X0*2,2)=V$,P[X0+9]=V
3190 GOTO 3900
3200 REM " --- Multiple warehouses?"
3210 LET V4$="Do Multiple Physical Or Logical Warehouses Exist (Y/N)?"
3220 LET V0$="Y",V1$="C",V2$=A3$(1,1),V3$="",V0=1,V1=60,V2=13
3230 GOSUB 7000
3240 ON V3 GOTO 3250,3200,3900,3200,3900
3250 LET A3$(1,1)=V$
3290 GOTO 3900
3300 REM " --- Default Warehouse"
3310 LET V4$="Enter The Default Warehouse To Be Used (<F3>=Lookup)"
3320 LET V0$="S",V1$="C",V2$=A3$(6,2),V3$="",V0=2,V1=60,V2=14
3330 GOSUB 7000
3340 ON V3 GOTO 3380,3300,3900,3350,3900
3360 CALL "IVC.LK",3,V1,V2,V$
3380 LET A3$(6,2)=V$
3382 GOSUB 6200
3385 PRINT @(V1,V2),A3$(6,2)," ",WHSE$,'CL',
3390 GOTO 3900
3400 REM " --- Description Length"
3410 LET X0=(I0-20)/3,V4$="Enter The Length Of Description Segment "+STR(X0+1)+" (Total Cannot Exceed 60 Characters)"
3411 IF X0=0 THEN LET V=60,V$="60"; GOTO 3450; REM WA# 205
3412 IF X0>0 THEN LET V=0,V$="00"; GOTO 3450; REM WA# 205
3420 LET V0$="Z",V1$="CR",V2$=A2$(9+(X0*2),2),V3$="",V0=2,V1=32,V2=18+X0,V0=2
3430 GOSUB 7000
3440 ON V3 GOTO 3450,3400,3900,3400,3900
3450 LET A2$(9+(X0*2),2)=V$,P[X0+3]=V
3490 GOTO 3900
3500 REM " --- Description name"
3510 LET X0=(I0-21)/3,V4$="Enter A Description To Be Used For Segment "+STR(X0+1)
3515 LET V0$="S",V1$="CR",V2$=A2$(15+(X0*12),12),V3$="",V0=12,V1=36,V2=18+X0,V$=V2$
3520 IF P[3+X0]=0 THEN GOTO 3550
3530 GOSUB 7000
3540 ON V3 GOTO 3550,3500,3900,3500,3900
3550 LET A2$(15+(X0*12),12)=V$
3560 PRINT @(V1,V2),A2$(15+(X0*12),12),
3590 GOTO 3900
3600 REM " --- Masterfile?"
3610 LET X0=(I0-22)/3,V4$="Use Description Masterfile For Segment "+STR(X0+1)+" (Y/N)?"
3615 LET V0$="Y",V1$="CR",V2$=A2$(51+X0,1),V3$="",V$="N",V0=1,V1=55,V2=18+X0,V$=V2$
3620 IF P[3+X0]<1 OR P[3+X0]>20 THEN GOTO 3650
3630 GOSUB 7000
3640 ON V3 GOTO 3650,3600,3900,3600,3900
3650 LET A2$(51+X0,1)=V$
3680 PRINT @(V1,V2),A2$(51+X0,1),
3690 GOTO 3900
3900 REM " --- Next field"
3910 IF V3=4 THEN GOTO 4000
3920 IF V3<>2 THEN GOTO 3950
3930 IF I0>0 THEN LET I0=I0-1
3940 GOTO 3960
3950 LET I0=I0+1
3960 ON I0 GOTO 1600,1700,1800,1900,2000,2100,2200,2300,2400,2500,2600,2700,2800,2900,3000,3100,3100,3100,3200,3300,3400,3500,3600,3400,3500,3600,3400,3500,3600,3990
3990 LET I0=0
4000 REM " --- Correct?"
4010 LET V4$="Is The Above Information Correct (Y/N)?"
4020 LET V0$="S",V1$="KC",V2$="Y",V3$="",V0=6,V1=FNV(V4$),V2=22
4030 GOSUB 7000
4040 ON V3 GOTO 4050,4000,4000,4000,4900
4050 IF V$="DELETE" THEN GOTO 4200
4090 ON POS(V$="YN") GOTO 4000,4100,1600
4100 REM " --- Write"
4110 LET V=P[3]+P[4]+P[5],I0=19
4120 IF V<1 OR V>60 THEN GOTO 3900
4130 FOR X=3 TO 5
4135 IF P[X]>20 THEN LET A2$(48+X,1)="N"
4140 NEXT X
4150 WRITE (SYS01_DEV,KEY=A0$)IOL=IVS01A
4180 IF O0>1 THEN RUN "IVP.AC"
4190 GOTO 4900
4200 REM " ---- Remove"
4210 REMOVE (SYS01_DEV,KEY=A0$,DOM=4230)
4290 GOTO 4900
4900 REM " --- Run menu overlay"
4990 RUN "IVP.AA"
5000 REM " --- Display"
5010 LET V$=A3$(6,2)
5020 GOSUB 6200
5050 PRINT @(28,4),P[0]:M9$,@(60),M1$,@(28,5),P[8]:M9$,@(60),M2$,@(28,6),A3$(9,1),@(60),M3$,@(28,7),P[1]:"0",@(60),M4$,@(28,8),A3$(17,1),@(60),M5$,@(28,9),P[2]:M9$,@(60),P[9]:M9$,@(28,10),A3$(3,1),@(60),P[10]:M9$,@(28,11),A3$(8,1),@(60),P[11]:M9$,@(28,13),P[6]:M9$,@(60),A3$(1,1),@(28,14),P[7]:M9$,@(60),A3$(6,2)," ",WHSE$,'CL',@(32,18),P[3]:M9$,@(36),A2$(15,12),@(55),A2$(51,1),@(32,19),P[4]:M9$,@(36),A2$(27,12),@(55),A2$(52,1),@(32,20),P[5]:M9$,@(36),A2$(39,12),@(55),A2$(53,1),
5090 RETURN 
6000 REM " --- Rebuild Unit Cost Message"
6010 LET NUMBER=2
6020 DIM MESSAGE$[NUMBER]
6030 LET MESSAGE$[0]="Run the Rebuild Unit Costs task on the Inventory Utilities"
6040 LET MESSAGE$[1]="menu to reset unit costs for the new costing method."
6050 LET MESSAGE$[2]="               <Enter>=Continue"
6060 CALL "SYC.XA",3,MESSAGE$[ALL],NUMBER,-1,-1,X$,V3
6090 RETURN 
6100 REM " --- Test mask"
6120 SETERR 6170
6130 PRINT @(0,22),0:V$,@(0,22),'CL',
6140 GOTO 6180
6170 LET V$=""
6180 SETERR 9000
6190 RETURN 
6200 REM " --- Retrieve warehouse name"
6210 DIM B0$(32)
6220 LET WHSE$="",B0$(1)=N0$+"C"+V$
6230 FIND (IVM10_DEV,KEY=B0$(1,5),DOM=6290)IOL=IVM10C
6240 LET WHSE$=B0$(6,24)
6290 RETURN 
7000 REM " --- Standard Input Routine (15May95)"
7010 CALL "SYC.IA",V0$,V1$,V2$,V3$,V4$,PGM(-2),V0,V1,V2,V$,V,V3,DISPLAY_LEN
7020 IF V3=999 THEN GOTO 7200
7030 IF V3=127 THEN GOTO 7100
7090 RETURN 
7100 REM " --- Escape During Input"
7110 CALL "SYC.ES",ERR=7200,PGM(-2),TCB(8),E$,E2,V3
7120 IF V3<>127 THEN GOTO 7000
7130 PRINT @(0,E2),'CL','CURSOR'("ON"),E$,'LF'
7200 REM " --- Error During Input"
7210 ESCAPE
7290 GOTO 7000
8000 REM " --- Functions"
8080 DEF FNV(Q$)=42+INT(LEN(Q$)/2)
8145 REM " --- FNYY21_YY$ Un-Convert 21st Century 2-Char Year to 2-Char Year"
8150 DEF FNYY21_YY$(Q1$)
8155 LET Q3$=" 01234567890123456789",Q1$(1,1)=Q3$(POS(Q1$(1,1)=" 0123456789ABCDEFGHIJ"))
8160 RETURN Q1$
8165 FNEND
8170 REM " --- FNYY_YEAR Convert 2-Char Year to 21st Century Numeric Year"
8175 DEF FNYY_YEAR(Q1$)
8180 LET Q=NUM(FNYY21_YY$(Q1$)); IF Q<50 THEN LET Q=Q+100
8185 RETURN Q
8190 FNEND
9000 REM " --- Standard Error Routine (15May95)"
9010 IF ERR=127 THEN GOTO 9300
9020 CALL "SYC.EA",ERR=9090,EXIT_CTRL,PGM(-2),ERR,TCB(5),E$,E1,E2
9030 IF E1=1 THEN GOTO 9100
9040 IF E1=3 THEN GOTO 9200
9080 PRINT @(0,E2),'CL','CURSOR'("ON"),E$,'LF'
9090 ESCAPE
9100 REM " --- Retry"
9190 RETRY
9200 REM " --- Return"
9290 GOTO 4900
9300 REM " --- Standard Escape Routine"
9310 CALL "SYC.ES",ERR=9350,PGM(-2),TCB(8),E$,E2,V3
9320 IF V3<>127 THEN GOTO 9390
9330 PRINT @(0,E2),'CL','CURSOR'("ON"),E$,'LF'
9350 ESCAPE
9390 RETURN 
9900 RUN "SYS.AA"
9999 END
