0010 REM "OPR - BASIS LABEL II"
0020 REM "Program OPR.LB"
0022 REM "+-----------------------------------------------------------+"
0024 REM "| ADD+ON Software, Inc. Advantage/V Version 6.0.0 - 15May96 |"
0026 REM "|      Copyright (c) 1996 Open Systems Holdings Corp.       |"
0028 REM "|                  All Rights Reserved                      |"
0030 REM "+-----------------------------------------------------------+"
0040 REM 
0041 REM "MAS * DCF * 9/30/99 * WA# 215
0085 SETESC 9000
0090 SETERR 9000
0100 REM " --- Open Files
0200 REM " --- IOLists
0210 ARE03A: IOLIST A0$,A[ALL]
0220 ARE13A: IOLIST W0$,W1$,W[ALL]
0230 ARE73A: IOLIST Y0$,Y1$,Y[ALL]
0240 ARE83A: IOLIST Z0$,Z1$,Z2$,Z[ALL]
0400 REM " --- Parameters
0500 REM " --- Init Data
0505 LET COLUMN=40
0510 DIM A[10],W[14],Y[4],Z[2],J1$(100)
0520 LET X8$="First"
0560 LET L1=50; REM "Label width"
0570 LET L2=12; REM "Label length"
0575 LET OFFSET=20
0580 REM IF L2<6 THEN LET X9=L2 ELSE LET L2=6
0590 LET X9=L2
0600 CALL "SYC.GA",7,1,"","",STATUS
0605 IF STATUS THEN GOTO 9900
0700 REM " --- Background
0800 REM " --- Options
0810 CALL "SYC.YN",0,"Do You Wish To Print A Test Pattern?",3,V$,V3
0825 PRINT @(0,15),'CL',
0830 IF V3=4 THEN GOTO 9900
0840 ON POS(V$="YN") GOTO 0800,0850,0900
0850 DIM L0$(L1*X9,"X")
0860 LET X0=1
0870 GOSUB 5500
0880 GOTO 0800
0900 REM " --- Determine Start
0920 CALL "SYC.NB","Printing:",30,COLUMN
1000 REM " ---
1010 READ (ARE03_DEV,KEY=N0$+"  "+CUST$+ORDER$+"000",DOM=4000)IOL=ARE03A
1040 READ (ARE13_DEV,KEY=A0$(1,17),DOM=1041)
1050 LET ARE13_K$=KEY(ARE13_DEV,END=4000)
1060 IF POS(A0$(1,17)=ARE13_K$)<>1 THEN GOTO 4000
1070 READ (ARE13_DEV,KEY=ARE13_K$)IOL=ARE13A
1080 READ (ARE73_DEV,KEY=W0$(1,20),DOM=1050)IOL=ARE73A
1100 REM " --- Read serial numbers
1110 READ (ARE83_DEV,KEY=W0$(1,20),DOM=1111)
1120 LET ARE83_K$=KEY(ARE83_DEV,END=1190)
1130 IF POS(W0$(1,20)=ARE83_K$)<>1 THEN GOTO 1190
1140 READ (ARE83_DEV,KEY=ARE83_K$)IOL=ARE83A
1145 IF POS(Z1$(1,1)="MA")=0 THEN GOTO 1120
1150 IF SERIAL$<>"" THEN IF SERIAL$<>Z2$ THEN GOTO 1120
1160 GOSUB 1200
1180 GOTO 1120
1190 GOTO 1050
1200 REM " --- Setup
1210 DIM O1$(30),O2$(20)
1220 FIND (CSM03_DEV,KEY=N0$+W0$(39,3),DOM=1211)O0$,O1$,O2$
1230 DIM R0$(20),R1$(20)
1240 FIND (CSM04_DEV,KEY=N0$+W0$(42,3),DOM=1221)R0$,R1$,R2$
1250 DIM D1$(60)
1260 FIND (IVM01_DEV,KEY=N0$+W0$(33,20),DOM=1271)*,D1$
1270 LET D1$=CVS(D1$,32)
1280 DIM M1$(15),M2$(20)
1290 FIND (CSM06_DEV,KEY=N0$+Y1$(1,3),DOM=1291)M0$,M1$,M2$
1300 DIM T1$(30),T2$(20)
1310 FIND (CSM05_DEV,KEY=N0$+W0$(45,3),DOM=1311)T0$,T1$,T2$
1350 GOSUB 5000
1390 RETURN 
4000 REM " --- Totals
4100 GOTO 9900
5000 REM " --- Assemble
5120 DIM L0$(L1*X9)
5180 PRINT @(COLUMN,7),Z2$,
5200 REM LET L0$(1,L1)=J1$(1,OFFSET)+O2$(1,5)+J1$(1,5)+R1$
5201 LET L0$(1,L1)=W0$(33,20)+J1$(1,3)+O2$(1,5)
5210 REM LET L0$(L1*1+1,L1)=D1$
5220 LET L0$(L1*2+1,L1)=Z2$
5230 LET L0$(L1*3+1,L1)="Users: "+STR(Y[2])
5240 LET L0$(L1*4+1,L1)="Media: "+M1$
5250 LET L0$(L1*5+1,L1)=T1$
5260 LET L0$(L1*6+1,L1)=""
5270 LET L0$(L1*7+1,L1)=J1$(1,10)+"Order: "+ORDER$
5280 LET L0$(L1*8+1,L1)=""
5285 LET L0$(L1*9+1,L1)=J1$(1,5)+"Made in the USA"
5500 REM " --- Print
5530 IF X8$="First" THEN FOR X=1 TO L2; PRINT (7)""; NEXT X; LET X8$=""
5540 FOR X=0 TO X9-1
5560 PRINT (7)@(8),L0$(X*L1+1,L1)
5580 NEXT X
5620 LET X0=0,L0$(1)=""
5690 RETURN 
7000 REM " --- Standard Input Routine (15May95)"
7010 CALL "SYC.IA",V0$,V1$,V2$,V3$,V4$,PGM(-2),V0,V1,V2,V$,V,V3,DISPLAY_LEN
7020 IF V3=999 THEN GOTO 7200
7030 IF V3=127 THEN GOTO 7100
7090 RETURN 
7100 REM " --- Escape During Input"
7110 CALL "SYC.ES",ERR=7200,PGM(-2),TCB(8),E$,E2,V3
7120 IF V3<>127 THEN GOTO 7000
7130 PRINT @(0,E2),'CL','CURSOR'("ON"),E$,'LF'
7200 REM " --- Error During Input"
7210 ESCAPE
7290 GOTO 7000
8000 REM " --- Functions
8010 DEF FNA$(Q$,Q2$)=STR(MOD((ASC(Q$)-32)*POS(" "<>Q2$(2,1)),100):"00")
8020 DEF FNB$(Q1$)=FNA$(Q1$(2),Q1$)+"/"+FNA$(Q1$(3),Q1$)+"/"+FNA$(Q1$(1),Q1$)
8030 DEF FNC$(Q1$)=FNA$(Q1$(2),Q1$)+FNA$(Q1$(3),Q1$)+FNA$(Q1$(1),Q1$)
8200 REM " --- FNF$ AlphaNumeric Masking Function"
8210 DEF FNF$(Q1$,Q2$)
8220 IF Q2$="" THEN LET Q2$=FILL(LEN(Q1$),"0")
8230 RETURN STR(-NUM(Q1$,ERR=ALPHA_FNF):Q2$,ERR=ALPHA_FNF)
8240 ALPHA_FNF: 
8245 LET Q=1,Q0=0
8250 WHILE LEN(Q2$(Q))
8255 IF POS(Q2$(Q,1)="-()") THEN LET Q0=Q0+1 ELSE LET Q2$(Q,1)="X"
8260 LET Q=Q+1
8265 WEND
8270 IF LEN(Q1$)>LEN(Q2$)-Q0 THEN LET Q1$=Q1$(1,LEN(Q2$)-Q0)
8280 RETURN STR(Q1$:Q2$)
8290 FNEND
9000 REM " --- Standard Error Routine (15May95)"
9010 IF ERR=127 THEN GOTO 9300
9020 CALL "SYC.EA",ERR=9090,EXIT_CTRL,PGM(-2),ERR,TCB(5),E$,E1,E2
9030 IF E1=1 THEN GOTO 9100
9040 IF E1=3 THEN GOTO 9200
9080 PRINT @(0,E2),'CL','CURSOR'("ON"),E$,'LF'
9090 ESCAPE
9100 REM " --- Retry"
9190 RETRY
9200 REM " --- Return"
9210 SETERR 9000
9290 GOTO 9900
9300 REM " --- Standard Escape Routine"
9310 CALL "SYC.ES",ERR=9350,PGM(-2),TCB(8),E$,E2,V3
9320 IF V3<>127 THEN GOTO 9390
9330 PRINT @(0,E2),'CL','CURSOR'("ON"),E$,'LF'
9350 ESCAPE
9390 RETURN 
9900 RUN "SYS.AA"
9999 END
