0010 REM "BMM - Bill Maintenance - Copy
0020 REM "Program BMM.MI"
0022 REM "+-----------------------------------------------------------+"
0024 REM "| ADD+ON Software, Inc. Advantage/V Version 6.0.0 - 15May96 |"
0026 REM "|      Copyright (c) 1996 Open Systems Holdings Corp.       |"
0028 REM "|                  All Rights Reserved                      |"
0030 REM "+-----------------------------------------------------------+"
0040 REM 
0085 SETESC 9000
0090 SETERR 9000
0100 REM " --- Open/Lock Files
0110 LET FILES=11
0120 DIM FILES$[FILES],OPTIONS$[FILES],CHANNELS[FILES]
0125 LET FILES$[1]="BMM-01",FILES$[2]="BMM-02",FILES$[3]="BMM-02"
0130 LET FILES$[4]="BMM-03",FILES$[5]="BMM-03",FILES$[6]="BMM-04"
0135 LET FILES$[7]="BMM-05",FILES$[8]="BMM-05",FILES$[9]="BMM-06"
0140 LET FILES$[10]="BMM-09",FILES$[11]="BMM-09"
0160 CALL "SYC.DA",1,1,11,FILES$[ALL],OPTIONS$[ALL],CHANNELS[ALL],BATCH,STATUS
0170 IF STATUS>0 THEN GOTO 9900
0175 LET BMM01_DEVR=CHANNELS[1],BMM02_DEVR=CHANNELS[2],BMM02_DEVW=CHANNELS[3]
0180 LET BMM03_DEVR=CHANNELS[4],BMM03_DEVW=CHANNELS[5],BMM04_DEVW=CHANNELS[6]
0185 LET BMM05_DEVR=CHANNELS[7],BMM05_DEVW=CHANNELS[8],BMM06_DEVW=CHANNELS[9]
0190 LET BMM09_DEVR=CHANNELS[10],BMM09_DEVW=CHANNELS[11]
0200 REM " --- IOLists
0210 BMM01A: IOLIST A0$(1),A1$(1),A2$(1),A[ALL]
0220 BMM02A: IOLIST *,X$
0230 BMM03A: IOLIST *,X$
0240 BMM04A: IOLIST X$
0260 BMM06A: IOLIST X$
0500 REM " --- Init Data
0510 DIM MESSAGE$[1],IV_CHANS$[14]
0515 LET IV_CHANS$[1]="IVM-01",IV_CHANS$[14]="IVM-14"
0800 REM " --- Options
0810 PRINT @(18,15),"Enter Number Of New Bill:"
0820 DIM ITEM$[6],ITEM[12]
0830 LET ACTION$="",V1=45,V2=15,DEFAULT$="",V4$=""
0840 CALL "IVC.IA",ACTION$,V1,V2,IV_CHANS[ALL],N0$,DEFAULT$,V4$,PARAMS[ALL],ITEM$[ALL],ITEM[ALL],V3
0850 IF ITEM$[0]="" THEN GOTO 5000
0860 LET Q0$=N0$+ITEM$[0]
0870 FIND (BMM01_DEV,KEY=Q0$,DOM=0930)
0880 PRINT 'RB',
0900 LET MESSAGE$[0]="This Bill Already Exists!"
0910 CALL "SYC.XA",0,MESSAGE$[ALL],0,22,-1,V$,V3
0920 GOTO 0800
0930 FIND (IVM01_DEV,KEY=Q0$,DOM=0950)
0940 GOTO 0990
0950 PRINT 'RB',
0960 LET MESSAGE$[0]="This Number Must Correspond To A Valid Inventory Item!"
0970 CALL "SYC.XA",0,MESSAGE$[ALL],0,22,-1,V$,V3
0980 GOTO 0800
0990 PRINT @(20,17),'CL',"Now Copying Bill Of Material......",
1000 REM " --- BMM-01
1020 READ RECORD(BMM01_DEVR,KEY=A0$(1,22),DOM=1200)X$
1040 LET X$(3,20)=ITEM$[0]
1060 WRITE RECORD(BMM01_DEVR,KEY=X$(1,22))X$
1200 REM " --- BMM-02
1220 READ (BMM02_DEVR,KEY=A0$(1,22),DOM=1240)
1240 LET K$=KEY(BMM02_DEVR,END=1400)
1250 IF POS(A0$(1,22)=K$)<>1 THEN GOTO 1400
1260 READ RECORD(BMM02_DEVR)X$
1270 LET X$(3,20)=ITEM$[0]
1280 WRITE RECORD(BMM02_DEVW,KEY=X$(1,25))X$
1290 GOTO 1240
1400 REM " --- BMM-03
1420 READ (BMM03_DEVR,KEY=A0$(1,22),DOM=1440)
1440 LET K$=KEY(BMM03_DEVR,END=1600)
1450 IF POS(A0$(1,22)=K$)<>1 THEN GOTO 1600
1460 READ RECORD(BMM03_DEVR)X$
1470 LET X$(3,20)=ITEM$[0]
1480 WRITE RECORD(BMM03_DEVW,KEY=X$(1,25))X$
1490 GOTO 1440
1600 REM " --- BMM-04
1620 READ (BMM02_DEVR,KEY=N0$+ITEM$[0],DOM=1640)
1640 LET K$=KEY(BMM02_DEVR,END=1800)
1650 IF POS(N0$+ITEM$[0]=K$)<>1 THEN GOTO 1800
1660 READ (BMM02_DEVR)IOL=BMM02A
1670 LET X$=K$(1,2)+X$+K$(3)
1680 WRITE (BMM04_DEVW,KEY=X$)IOL=BMM04A
1690 GOTO 1640
1800 REM " --- BMM-06
1820 READ (BMM03_DEVR,KEY=N0$+ITEM$[0],DOM=1840)
1840 LET K$=KEY(BMM03_DEVR,END=2000)
1850 IF POS(N0$+ITEM$[0]=K$)<>1 THEN GOTO 2000
1860 READ (BMM03_DEVR)IOL=BMM03A
1870 LET X$=K$(1,2)+X$(1,3)+K$(3)
1880 WRITE (BMM06_DEVW,KEY=X$)IOL=BMM06A
1890 GOTO 1840
2000 REM " --- Copy BMM-09 Comments
2090 READ (BMM09_DEVR,KEY=A0$(1,22),DOM=2100)
2100 REM " --- Loop thru BMM-09 records
2110 LET K$=KEY(BMM09_DEVR,END=2200)
2120 IF POS(A0$(1,22)=K$)<>1 THEN GOTO 2200
2130 READ RECORD(BMM09_DEVR,KEY=K$)X$
2140 LET K$(3,20)=ITEM$[0],X$(3,20)=ITEM$[0]
2150 WRITE RECORD(BMM09_DEVW,KEY=K$)X$
2190 GOTO 2100
2200 REM " --- BMM-05
2220 READ (BMM05_DEVR,KEY=A0$(1,22),DOM=2240)
2240 LET K$=KEY(BMM05_DEVR,END=4000)
2250 IF POS(A0$(1,22)=K$)<>1 THEN GOTO 4000
2260 READ RECORD(BMM05_DEVR)X$
2270 LET X$(3,20)=ITEM$[0]
2280 WRITE RECORD(BMM05_DEVW,KEY=X$(1,25))X$
2290 GOTO 2240
4000 REM " --- Exit
4010 CLOSE (BMM02_DEVR,ERR=4011)
4020 CLOSE (BMM02_DEVW,ERR=4021)
4030 CLOSE (BMM03_DEVR,ERR=4031)
4040 CLOSE (BMM03_DEVW,ERR=4041)
4050 CLOSE (BMM04_DEVW,ERR=4051)
4060 CLOSE (BMM06_DEVW,ERR=4061)
4070 CLOSE (BMM05_DEVR,ERR=4071)
4080 CLOSE (BMM05_DEVW,ERR=4081)
4090 CLOSE (BMM09_DEVR,ERR=4091)
4100 CLOSE (BMM09_DEVW,ERR=4101)
4110 CLOSE (BMM01_DEVR,ERR=4111)
4130 LET A0$(3,20)=ITEM$[0]
4140 READ (BMM01_DEV,KEY=A0$(1,22),DOM=4080)IOL=BMM01A
5000 LET O0=1
5020 RUN "BMM.MA"
8000 REM " --- Functions
9000 REM " --- Standard Error Routine (15May95)"
9010 IF ERR=127 THEN GOTO 9300
9020 CALL "SYC.EA",ERR=9090,EXIT_CTRL,PGM(-2),ERR,TCB(5),E$,E1,E2
9030 IF E1=1 THEN GOTO 9100
9040 IF E1=3 THEN GOTO 9200
9080 PRINT @(0,E2),'CL','CURSOR'("ON"),E$,'LF'
9090 ESCAPE
9100 REM " --- Retry"
9190 RETRY
9200 REM " --- Return"
9290 GOTO 9900
9300 REM " --- Standard Escape Routine"
9310 CALL "SYC.ES",ERR=9350,PGM(-2),TCB(8),E$,E2,V3
9320 IF V3<>127 THEN GOTO 9390
9330 PRINT @(0,E2),'CL','CURSOR'("ON"),E$,'LF'
9350 ESCAPE
9390 RETURN 
9900 RUN "SYS.AA"
9999 END
