0010 REM "APE - Invoice Entry 3"
0020 REM "Program APE.AD"
0022 REM "+-----------------------------------------------------------+"
0024 REM "| ADD+ON Software, Inc. Advantage/V Version 6.0.3 - 15May97 |"
0026 REM "|      Copyright (c) 1996 Open Systems Holdings Corp.       |"
0028 REM "|                  All Rights Reserved                      |"
0030 REM "+-----------------------------------------------------------+"
0031 REM "23May96 WGH: On <F4> goto Vendor Number instead of exiting to menu (2042)"
0032 REM "23May96 WGH: Initialize Accounting Date (105,2542-2560,6210)"
0033 REM "12Feb97 JAL: Prevent possible Error 47/6230 (510,515,2257)"
0034 REM "04Dec97 KJS: Can't do Retentions on a Cash Basis (3010)"
0040 REM 
0045 SETESC 9000
0050 SETERR 9000
0100 REM " --- Open/Lock Files
0200 REM " --- IOLists
0210 APE01A: IOLIST A0$(1),A[0],A[1],A[2],A[3]
0310 APM10B: IOLIST X0$
0320 APM10C: IOLIST X0$,X[0],X[1],X[2]
0330 APM10D: IOLIST X0$
0500 REM " --- Initializations
0510 DIM X0$(26),X[2]
0515 LET X0$(26,1)="D"
0520 FIND (APM10_DEV,KEY=N0$+"C"+A0$(27,2),DOM=0530)IOL=APM10C
0530 GOSUB 6200
0800 REM " --- Options
0810 ON O9 GOTO 2000,4000
1000 REM " --- Key
1900 LET I0=0
1940 CALL "SYC.WC",1,0,80,0,0,13,0
1950 PRINT 'CF',
1960 PRINT @(15,6),Q9$
1970 PRINT @(15,7),A0$(11,10)
2000 REM " --- Dist Code
2010 LET V3=0,I0=0
2020 IF P3$(2,1)<>"Y" THEN GOTO 2060
2030 LET V0$="S",V1$="KCR",V2$=A0$(23,2),V0=2,V1=15,V2=8,V4$="Enter A Valid Distribution Code, <F3>=Code Lookup"
2040 GOSUB 7000
2042 ON V3 GOTO 2050,2000,4400,2044,4400
2044 LET V4=1,V5=APM10_DEV,V6=4,V7=2,V8=6,V9=20,V5$="B"
2046 CALL "SYC.LZ",V1,V2,V4,V5,V6,V7,V8,V9,V$,V5$,N0$
2048 IF V$="" THEN GOTO 2000
2050 LET A0$(23,2)=V$
2060 FIND (APM10_DEV,KEY=N0$+"B"+A0$(23,2),DOM=2080)IOL=APM10B
2070 IF P3$(2,1)="Y" THEN PRINT @(10,15),'SB',"Distribution Code: ",'SF',X0$(6,20),'CL',
2072 LET X1$=X0$(6,20)
2075 GOTO 3900
2080 IF P3$(2,1)="Y" THEN GOTO 2000
2082 PRINT 'RB',
2084 LET V0$="S",V1$="C",V2$="",V3$="",V4$="*** Missing Distribution Code <Enter>: ",V0=1,V1=FNV(V4$),V2=22
2086 GOSUB 7000
2090 GOTO 9900
2100 REM " --- Pmt Group
2120 LET V0$="S",V1$="KC",V2$=A0$(25,2),V0=2,V1=15,V2=9,V4$="Enter A Valid Payment Group, <F3>=Code Lookup"
2130 GOSUB 7000
2132 IF V3<>3 THEN GOTO 2140
2134 LET V4=1,V5=APM10_DEV,V6=4,V7=2,V8=6,V9=20,V5$="D"
2136 CALL "SYC.LZ",V1,V2,V4,V5,V6,V7,V8,V9,V$,V5$,N0$
2138 IF V$="" THEN GOTO 2100
2140 LET A0$(25,2)=V$
2150 FIND (APM10_DEV,KEY=N0$+"D"+A0$(25,2),DOM=2120)IOL=APM10D
2160 PRINT @(14,17),'SB',"Payment Group: ",'SF',X0$(6,20),'CL',
2170 LET X2$=X0$(6,20)
2190 GOTO 3900
2200 REM " --- Terms Code
2220 LET V0$="S",V1$="KC",V2$=A0$(27,2),V0=2,V1=15,V2=10,V4$="Enter A Valid Terms Code, <F3>=Code Lookup"
2230 GOSUB 7000
2232 IF V3<>3 THEN GOTO 2240
2234 LET V4=1,V5=APM10_DEV,V6=4,V7=2,V8=6,V9=20,V5$="C"
2236 CALL "SYC.LZ",V1,V2,V4,V5,V6,V7,V8,V9,V$,V5$,N0$
2238 IF V$="" THEN GOTO 2200
2240 LET A0$(27,2)=V$
2250 FIND (APM10_DEV,KEY=N0$+"C"+A0$(27,2),DOM=2220)IOL=APM10C
2255 LET Q=POS("  "=X0$(6,20))
2257 IF Q=0 THEN LET Q=21
2260 PRINT @(22,19),'SB',"Terms: ",'SF',X0$(6,Q-1),'CL',
2270 LET X3$=X0$(6,Q-1)
2280 GOSUB 6200
2290 GOTO 3900
2300 REM " --- Hold
2320 LET V0$="Y",V1$="RC",V2$=A0$(67,1),V4$="Y=Yes N=No",V0=1,V1=15,V2=11
2330 IF V2$=" " THEN LET V2$="N"
2340 GOSUB 7000
2360 LET A0$(67,1)=V$
2390 GOTO 3900
2400 REM " --- Invoice Date
2420 LET V0$="D",V1$="R",V2$=A0$(29,3),V0=8,V1=37,V2=8
2430 GOSUB 7000
2440 LET A0$(29,3)=V$
2460 GOSUB 6200
2490 GOTO 3900
2500 REM " --- Accting Date
2520 LET V0$="D",V1$="R",V2$=A0$(32,3),V0=8,V1=37,V2=9,STATUS=0
2540 GOSUB 7000
2560 LET A0$(32,3)=V$
2570 IF GL$="Y" THEN CALL "GLC.EA",A0$(32,3),"Y",PERIOD$,YEAR$,STATUS
2580 IF STATUS>99 THEN GOTO 2500
2590 GOTO 3900
2600 REM " --- Due Date
2620 LET V0$="D",V1$="R",V2$=A0$(35,3),V0=8,V1=37,V2=10
2640 GOSUB 7000
2660 LET A0$(35,3)=V$
2690 GOTO 3900
2700 REM " --- Discount Date
2720 LET V0$="D",V2$=A0$(38,3),V0=8,V1=37,V2=11
2740 GOSUB 7000
2760 LET A0$(38,3)=V$
2790 GOTO 3900
2800 REM " --- Inv Amt
2820 LET V0$="N",V1$="C",V2$=STR(A[0]),V4$="Enter The Total Invoice Amount",V3$=M1$,V1=63,V2=6
2830 GOSUB 7000
2840 LET A[0]=V
2860 LET A[3]=A[0]
2870 PRINT @(63,7),A[3]:M1$,
2890 GOTO 3900
2900 REM " --- Disc
2920 LET V0$="N",V2$=STR(A[1]),V3$=M1$,V1=63,V2=9
2940 GOSUB 7000
2960 LET A[1]=V
2990 GOTO 3900
3000 REM " --- Retention
3010 IF P3$(3,1)<>"Y" THEN GOTO 3900
3020 LET V0$="N",V2$=STR(A[2]),V3$=M1$,V1=63,V2=10
3040 GOSUB 7000
3060 LET A[2]=V
3090 GOTO 3900
3100 REM " --- Ref
3120 LET V0$="S",V1$="",V2$=A0$(41,10),V0=10,V1=63,V2=11
3140 GOSUB 7000
3160 LET A0$(41,10)=V$
3190 GOTO 3900
3200 REM " --- Memo
3220 LET V0$="S",V1$="",V2$=A0$(51,16),V0=16,V1=63,V2=12
3240 GOSUB 7000
3260 LET A0$(51,16)=V$
3290 GOTO 3900
3300 REM " --- Net Inv Amt
3320 LET V0$="N",V1$="C",V2$=STR(A[3]),V3$=M1$,V4$="Enter The Net Discountable Invoice Amount",V1=63,V2=7
3330 GOSUB 7000
3335 IF V3=2 THEN GOTO 3900
3340 LET A[3]=V
3350 IF X0$="" THEN GOTO 3900
3360 LET A[1]=A[3]*X[0]/100
3370 PRINT @(63,9),A[1]:M1$,
3390 GOTO 3900
3900 REM " --- Next Field
3910 IF V3=4 THEN GOTO 4000
3920 IF V3<>2 THEN GOTO 3950
3930 IF I0>0 THEN LET I0=I0-1
3940 GOTO 3960
3950 LET I0=I0+1
3955 IF ABS(I0)>1000 THEN GOTO 3990
3960 ON I0 GOTO 2000,2100,2200,2300,2400,2500,2600,2700,2800,3300,2900,3000,3100,3200,3990
4000 REM " --- Options
4010 LET V0$="S",V1$="KC",V2$="",V3$="",V4$="Is The Above Information Correct (Y/N/##/Delete)? ",V0=6,V1=FNV(V4$),V2=22
4020 GOSUB 7000
4022 LET I=INT(NUM(V$,ERR=4030))
4024 IF I>0 THEN LET I0=I-1; GOTO 4700
4030 IF V$="DELETE" THEN GOTO 4200
4050 ON POS(V$="YN") GOTO 4000,4100,4700
4100 REM " --- Write
4120 WRITE (APE01_DEV,KEY=A0$(1,22))IOL=APE01A
4190 IF GL$="Y" THEN RUN "APE.AE"
4195 RUN "APE.AB"
4200 REM " --- Delete
4220 REMOVE (APE01_DEV,KEY=A0$(1,22),DOM=4230)
4240 LET K$=KEY(APE01_DEV,END=4290)
4245 IF LEN(K$)<20 THEN GOTO 4290
4250 IF K$(1,20)<>A0$(1,20) THEN GOTO 4290
4260 REMOVE (APE01_DEV,KEY=K$)
4270 GOTO 4240
4290 IF A0$(5,4)="TEMP" THEN IF O1=0 THEN REMOVE (APM03_DEV,KEY=D0$,DOM=4300)
4292 CALL "SYC.WC",1,0,80,0,0,13,0
4295 PRINT 'CF','SB',
4400 RUN "APE.AB"
4700 REM " --- Correct
4710 IF P3$(2,1)="Y" THEN LET I0=I0-1
4730 IF V$="N" THEN GOTO 2000 ELSE GOTO 3900
6200 REM " --- Create Due & Disc
6210 IF D9$="" THEN LET A0$(32,3)=A0$(29,3) ELSE LET A0$(32,3)=D9$
6220 LET V=X[1]
6230 CALL "SYC.CD",X0$(26,1),A0$(29,3),V,V$,STATUS
6240 LET A0$(35,3)=V$,V=X[2]
6260 CALL "SYC.CD",X0$(26,1),A0$(29,3),V,V$,STATUS
6270 LET A0$(38,3)=V$
6280 PRINT @(37,9),FNB$(A0$(32,3)),@(37,10),FNB$(A0$(35,3)),@(37,11),FNB$(A0$(38,3)),
6290 RETURN 
6300 REM " --- Redisplay Terms/Distr.
6320 IF P3$(2,1)="Y" THEN PRINT @(10,15),'SB',"Distribution Code: ",'SF',X1$,'CL',
6330 PRINT @(14,17),'SB',"Payment Group: ",'SF',X2$,'CL',
6340 PRINT @(22,19),'SB',"Terms: ",'SF',X3$,'CL',
6390 RETURN 
6500 REM " --- Repaint Distribution Heading
6520 PRINT @(0,14),'CL','SB',
6530 PRINT @(0,14),"Seq",@(5),"Account",@(47+M1),"Amount",
6540 IF G4$(3,1)="Y" THEN PRINT @(64+G7),"Units",
6550 IF P3$(16,1)="Y" THEN PRINT @(20),"Miscellaneous",
6570 PRINT @(10,15),"Distribution Code: ",'SF',X1$,
6580 PRINT @(14,17),'SB',"Payment Group: ",'SF',X2$
6585 PRINT @(22,19),'SB',"Terms: ",'SF',X3$
6590 RETURN 
7000 REM " --- Standard Input Routine (15May95)"
7010 CALL "SYC.IA",V0$,V1$,V2$,V3$,V4$,PGM(-2),V0,V1,V2,V$,V,V3,DISPLAY_LEN
7020 IF V3=999 THEN GOTO 7200
7030 IF V3=127 THEN GOTO 7100
7090 RETURN 
7100 REM " --- Escape During Input"
7110 CALL "SYC.ES",ERR=7200,PGM(-2),TCB(8),E$,E2,V3
7120 IF V3<>127 THEN GOTO 7000
7130 PRINT @(0,E2),'CL','CURSOR'("ON"),E$,'LF'
7200 REM " --- Error During Input"
7210 ESCAPE
7290 GOTO 7000
8000 REM " --- Functions
8010 DEF FNA$(Q$,Q2$)=STR(MOD((ASC(Q$)-32)*POS(" "<>Q2$(2,1)),100):"00")
8020 DEF FNB$(Q1$)=FNA$(Q1$(2),Q1$)+"/"+FNA$(Q1$(3),Q1$)+"/"+FNA$(Q1$(1),Q1$)
8070 DEF FNP$(Q$)=CVS(Q$,2)
8080 DEF FNV(Q$)=42+INT(LEN(Q$)/2)
8145 REM " --- FNYY21_YY$ Un-Convert 21st Century 2-Char Year to 2-Char Year"
8150 DEF FNYY21_YY$(Q1$)
8155 LET Q3$=" 01234567890123456789",Q1$(1,1)=Q3$(POS(Q1$(1,1)=" 0123456789ABCDEFGHIJ"))
8160 RETURN Q1$
8165 FNEND
8200 REM " --- FNF$ AlphaNumeric Masking Function"
8210 DEF FNF$(Q1$,Q2$)
8220 IF Q2$="" THEN LET Q2$=FILL(LEN(Q1$),"0")
8230 RETURN STR(-NUM(Q1$,ERR=ALPHA_FNF):Q2$,ERR=ALPHA_FNF)
8240 ALPHA_FNF: 
8245 LET Q=1,Q0=0
8250 WHILE LEN(Q2$(Q))
8255 IF POS(Q2$(Q,1)="-()") THEN LET Q0=Q0+1 ELSE LET Q2$(Q,1)="X"
8260 LET Q=Q+1
8265 WEND
8270 IF LEN(Q1$)>LEN(Q2$)-Q0 THEN LET Q1$=Q1$(1,LEN(Q2$)-Q0)
8280 RETURN STR(Q1$:Q2$)
8290 FNEND
9000 REM " --- Standard Error Routine (15May95)"
9010 IF ERR=127 THEN GOTO 9300
9020 CALL "SYC.EA",ERR=9090,EXIT_CTRL,PGM(-2),ERR,TCB(5),E$,E1,E2
9030 IF E1=1 THEN GOTO 9100
9040 IF E1=3 THEN GOTO 9200
9080 PRINT @(0,E2),'CL','CURSOR'("ON"),E$,'LF'
9090 ESCAPE
9100 REM " --- Retry"
9190 RETRY
9200 REM " --- Return"
9290 GOTO 9900
9300 REM " --- Standard Escape Routine"
9310 CALL "SYC.ES",ERR=9350,PGM(-2),TCB(8),E$,E2,V3
9320 IF V3<>127 THEN GOTO 9390
9330 PRINT @(0,E2),'CL','CURSOR'("ON"),E$,'LF'
9350 ESCAPE
9390 RETURN 
9900 RUN "SYS.AA"
9999 END
