0010 REM "ARE - Invoice Entry"
0020 REM "Program ARE.FA"
0022 REM "+-----------------------------------------------------------+"
0024 REM "| ADD+ON Software, Inc. Advantage/V Version 6.0.0 - 15May96 |"
0026 REM "|      Copyright (c) 1996 Open Systems Holdings Corp.       |"
0028 REM "|                  All Rights Reserved                      |"
0030 REM "+-----------------------------------------------------------+"
0031 REM "31Mar97 WGH: Initialize !GLCONTROL based on current program (655)"
0040 REM 
0070 BEGIN 
0085 SETESC 9000
0090 SETERR 9000
0100 REM " --- Open/Lock Files
0110 LET FILES=11
0120 DIM FILES$[FILES],OPTIONS$[FILES],CHANNELS[FILES]
0130 LET FILES$[1]="ARM-01",FILES$[2]="ARM-02",FILES$[3]="ARM-10"
0140 LET FILES$[4]="ARE-05",FILES$[5]="ARE-15",FILES$[6]="ARS-10"
0150 LET FILES$[7]="ART-01",FILES$[8]="ART-11",FILES$[9]="SYS-01"
0160 CALL "SYC.DA",1,1,9,FILES$[ALL],OPTIONS$[ALL],CHANNELS[ALL],BATCH,STATUS
0170 IF STATUS>0 THEN GOTO 9900
0185 LET ARM01_DEV=CHANNELS[1],ARM02_DEV=CHANNELS[2],ARM10_DEV=CHANNELS[3]
0190 LET ARE05_DEV=CHANNELS[4],ARE15_DEV=CHANNELS[5],ARS10_DEV=CHANNELS[6]
0195 LET ART01_DEV=CHANNELS[7],ART11_DEV=CHANNELS[8],SYS01_DEV=CHANNELS[9]
0200 REM " --- IOLists" 
0260 ARS01A: IOLIST X$,P1$,P2$,P3$,P4$,M0$,M1$,M2$,M3$,M4$,M5$
0270 SYS01T: IOLIST X$,F0$,X$,F2$,X$,F4$,F5$
0280 GLS01A: IOLIST X$,G1$,G2$,G3$,G4$,G5$,G6$,G7$
0400 REM " --- Parameters
0410 FIND (SYS01_DEV,KEY="T"+FID(0),DOM=9800)IOL=SYS01T
0420 LET N0$=F0$(16,2),N1$=F4$,N2$="AR",N4$=F5$
0430 FIND (SYS01_DEV,KEY=N0$+N2$+"00",DOM=9800)IOL=ARS01A
0440 DIM P[6],R[4],G[4]
0450 LET P[0]=NUM(P2$(1,2)),P[1]=NUM(P2$(3,2)),P[6]=NUM(P3$(4,1)),G[4]=10
0455 FIND (SYS01_DEV,KEY=N0$+"GL00",DOM=9800)IOL=GLS01A
0460 DIM G[4]
0465 FOR X=0 TO 4
0470 LET G[X]=NUM(G2$(X*2+1,2),ERR=0475)
0475 NEXT X
0480 LET G[2]=FNYY_YEAR(G2$(5,2))
0500 REM " --- Init Data
0510 DIM J0$(20,"0")
0520 LET K0=1,K9=14,L0=13,L9=20,O1=4
0530 DIM A0$(14),A1$(200),A2$(10),A[1],O[2]
0540 LET A0$(1)=N0$
0550 LET M8$="000-00-0000",M9$="(###)-###-####",M7$="00000"
0555 IF P[6]=9 THEN LET M7$="00000-0000"
0580 LET M1=LEN(M1$),M7=LEN(M7$),G5=LEN(G5$),M2=LEN(M2$),M3=LEN(M3$),M0=LEN(M0$)
0590 LET H1$=N1$,O[2]=79-M1,O[1]=O[2]-M3,O[0]=O[1]-M2
0600 REM " --- Additional Files Opens
0650 LET GL$="N",STATUS=0
0655 CALL "GLC.BA",ERR=0660,PGM(-2),N2$,GLW11$,GL$,STATUS
0660 IF STATUS<>0 THEN GOTO 9900
0665 IF GL$<>"Y" THEN GOTO 0700
0670 LET FILES$[10]="GLM-01",FILES$[11]=GLW11$,OPTIONS$[11]="C"
0675 CALL "SYC.DA",1,10,11,FILES$[ALL],OPTIONS$[ALL],CHANNELS[ALL],BATCH,STATUS
0680 IF STATUS>0 THEN GOTO 9900
0690 LET GLM01_DEV=CHANNELS[10],GLW11_DEV=CHANNELS[11]
0700 REM " --- Background
0710 CALL "SYC.WC",1,0,80,0,0,11,0
0720 PRINT 'SB',@(3,3),"Invoice No:",@(1,4),"Invoice Date:",@(44,3),"Dist Code:",@(2,5),"Customer No:",@(43,4),"Terms Code:",@(9,6),"Name:",@(6,7),"Address:",@(3,10),"Zip/Postal:",
0740 PRINT @(0,11),"Seq",
0750 IF GL$="Y" THEN PRINT @(4,11),"GL Number",
0760 PRINT @(3,12),"Date",@(10,12),"Memo",@(O[0]+M2-4),"Qty",@(O[1]+M3-6),"Price",@(O[2]+M1-10),"Extension",
0790 PRINT 'SF',
4000 REM " --- Overlay
4100 RUN "ARE.FB"
8000 REM " --- Functions 
8145 REM " --- FNYY21_YY$ Un-Convert 21st Century 2-Char Year to 2-Char Year"
8150 DEF FNYY21_YY$(Q1$)
8155 LET Q3$=" 01234567890123456789",Q1$(1,1)=Q3$(POS(Q1$(1,1)=" 0123456789ABCDEFGHIJ"))
8160 RETURN Q1$
8165 FNEND
8170 REM " --- FNYY_YEAR Convert 2-Char Year to 21st Century Numeric Year"
8175 DEF FNYY_YEAR(Q1$)
8180 LET Q=NUM(FNYY21_YY$(Q1$)); IF Q<50 THEN LET Q=Q+100
8185 RETURN Q
8190 FNEND
9000 REM " --- Standard Error Routine (15May95)"
9010 IF ERR=127 THEN GOTO 9300
9020 CALL "SYC.EA",ERR=9090,EXIT_CTRL,PGM(-2),ERR,TCB(5),E$,E1,E2
9030 IF E1=1 THEN GOTO 9100
9040 IF E1=3 THEN GOTO 9200
9080 PRINT @(0,E2),'CL','CURSOR'("ON"),E$,'LF'
9090 ESCAPE
9100 REM " --- Retry"
9190 RETRY
9200 REM " --- Return"
9210 SETERR 9000
9290 GOTO 9900
9300 REM " --- Standard Escape Routine"
9310 CALL "SYC.ES",ERR=9350,PGM(-2),TCB(8),E$,E2,V3
9320 IF V3<>127 THEN GOTO 9390
9330 PRINT @(0,E2),'CL','CURSOR'("ON"),E$,'LF'
9350 ESCAPE
9390 RETURN 
9800 REM " --- Display Parameter record error"
9810 LET LINE_ERR$=LST(PGM(TCB(5)))
9820 CALL "SYC.YA",LINE_ERR$,N2$,ERR
9900 RUN "SYS.AA"
9999 END
